ARM GAS  C:\Users\teju\AppData\Local\Temp\cczEIO0I.s 			page 1


   1              		.syntax unified
   2              		.cpu cortex-m3
   3              		.fpu softvfp
   4              		.eabi_attribute 20, 1
   5              		.eabi_attribute 21, 1
   6              		.eabi_attribute 23, 3
   7              		.eabi_attribute 24, 1
   8              		.eabi_attribute 25, 1
   9              		.eabi_attribute 26, 1
  10              		.eabi_attribute 30, 1
  11              		.eabi_attribute 34, 1
  12              		.eabi_attribute 18, 4
  13              		.thumb
  14              		.syntax unified
  15              		.file	"cymetadata.c"
  16              		.text
  17              	.Ltext0:
  18              		.cfi_sections	.debug_frame
  19              		.global	cy_metadata
  20              		.global	cy_meta_flashprotect
  21              		.global	cy_meta_wonvl
  22              		.global	cy_meta_custnvl
  23              		.global	cy_meta_configecc
  24              		.section	.cyconfigecc,"a",%progbits
  25              		.align	2
  26              		.type	cy_meta_configecc, %object
  27              		.size	cy_meta_configecc, 1968
  28              	cy_meta_configecc:
  29 0000 06       		.byte	6
  30 0001 52       		.byte	82
  31 0002 00       		.byte	0
  32 0003 40       		.byte	64
  33 0004 04       		.byte	4
  34 0005 64       		.byte	100
  35 0006 00       		.byte	0
  36 0007 40       		.byte	64
  37 0008 04       		.byte	4
  38 0009 65       		.byte	101
  39 000a 00       		.byte	0
  40 000b 40       		.byte	64
  41 000c 42       		.byte	66
  42 000d 04       		.byte	4
  43 000e 01       		.byte	1
  44 000f 40       		.byte	64
  45 0010 21       		.byte	33
  46 0011 05       		.byte	5
  47 0012 01       		.byte	1
  48 0013 40       		.byte	64
  49 0014 44       		.byte	68
  50 0015 06       		.byte	6
  51 0016 01       		.byte	1
  52 0017 40       		.byte	64
  53 0018 24       		.byte	36
  54 0019 07       		.byte	7
  55 001a 01       		.byte	1
  56 001b 40       		.byte	64
  57 001c 44       		.byte	68
ARM GAS  C:\Users\teju\AppData\Local\Temp\cczEIO0I.s 			page 2


  58 001d 08       		.byte	8
  59 001e 01       		.byte	1
  60 001f 40       		.byte	64
  61 0020 20       		.byte	32
  62 0021 09       		.byte	9
  63 0022 01       		.byte	1
  64 0023 40       		.byte	64
  65 0024 45       		.byte	69
  66 0025 0A       		.byte	10
  67 0026 01       		.byte	1
  68 0027 40       		.byte	64
  69 0028 25       		.byte	37
  70 0029 0B       		.byte	11
  71 002a 01       		.byte	1
  72 002b 40       		.byte	64
  73 002c 45       		.byte	69
  74 002d 14       		.byte	20
  75 002e 01       		.byte	1
  76 002f 40       		.byte	64
  77 0030 23       		.byte	35
  78 0031 15       		.byte	21
  79 0032 01       		.byte	1
  80 0033 40       		.byte	64
  81 0034 44       		.byte	68
  82 0035 16       		.byte	22
  83 0036 01       		.byte	1
  84 0037 40       		.byte	64
  85 0038 22       		.byte	34
  86 0039 17       		.byte	23
  87 003a 01       		.byte	1
  88 003b 40       		.byte	64
  89 003c 45       		.byte	69
  90 003d 18       		.byte	24
  91 003e 01       		.byte	1
  92 003f 40       		.byte	64
  93 0040 20       		.byte	32
  94 0041 19       		.byte	25
  95 0042 01       		.byte	1
  96 0043 40       		.byte	64
  97 0044 45       		.byte	69
  98 0045 1A       		.byte	26
  99 0046 01       		.byte	1
 100 0047 40       		.byte	64
 101 0048 26       		.byte	38
 102 0049 1B       		.byte	27
 103 004a 01       		.byte	1
 104 004b 40       		.byte	64
 105 004c 0A       		.byte	10
 106 004d 41       		.byte	65
 107 004e 01       		.byte	1
 108 004f 40       		.byte	64
 109 0050 09       		.byte	9
 110 0051 42       		.byte	66
 111 0052 01       		.byte	1
 112 0053 40       		.byte	64
 113 0054 0B       		.byte	11
 114 0055 43       		.byte	67
ARM GAS  C:\Users\teju\AppData\Local\Temp\cczEIO0I.s 			page 3


 115 0056 01       		.byte	1
 116 0057 40       		.byte	64
 117 0058 05       		.byte	5
 118 0059 45       		.byte	69
 119 005a 01       		.byte	1
 120 005b 40       		.byte	64
 121 005c 07       		.byte	7
 122 005d 46       		.byte	70
 123 005e 01       		.byte	1
 124 005f 40       		.byte	64
 125 0060 02       		.byte	2
 126 0061 47       		.byte	71
 127 0062 01       		.byte	1
 128 0063 40       		.byte	64
 129 0064 05       		.byte	5
 130 0065 48       		.byte	72
 131 0066 01       		.byte	1
 132 0067 40       		.byte	64
 133 0068 02       		.byte	2
 134 0069 49       		.byte	73
 135 006a 01       		.byte	1
 136 006b 40       		.byte	64
 137 006c 0B       		.byte	11
 138 006d 4C       		.byte	76
 139 006e 01       		.byte	1
 140 006f 40       		.byte	64
 141 0070 06       		.byte	6
 142 0071 4D       		.byte	77
 143 0072 01       		.byte	1
 144 0073 40       		.byte	64
 145 0074 06       		.byte	6
 146 0075 50       		.byte	80
 147 0076 01       		.byte	1
 148 0077 40       		.byte	64
 149 0078 00       		.byte	0
 150 0079 55       		.byte	85
 151 007a 01       		.byte	1
 152 007b 9C       		.byte	-100
 153 007c 08       		.byte	8
 154 007d 50       		.byte	80
 155 007e 09       		.byte	9
 156 007f 94       		.byte	-108
 157 0080 10       		.byte	16
 158 0081 03       		.byte	3
 159 0082 11       		.byte	17
 160 0083 05       		.byte	5
 161 0084 85       		.byte	-123
 162 0085 0F       		.byte	15
 163 0086 87       		.byte	-121
 164 0087 0F       		.byte	15
 165 0088 89       		.byte	-119
 166 0089 0F       		.byte	15
 167 008a 8B       		.byte	-117
 168 008b 0F       		.byte	15
 169 008c 85       		.byte	-123
 170 008d 0F       		.byte	15
 171 008e 87       		.byte	-121
ARM GAS  C:\Users\teju\AppData\Local\Temp\cczEIO0I.s 			page 4


 172 008f 0F       		.byte	15
 173 0090 89       		.byte	-119
 174 0091 0F       		.byte	15
 175 0092 8B       		.byte	-117
 176 0093 0F       		.byte	15
 177 0094 40       		.byte	64
 178 0095 30       		.byte	48
 179 0096 41       		.byte	65
 180 0097 02       		.byte	2
 181 0098 49       		.byte	73
 182 0099 FF       		.byte	-1
 183 009a 4A       		.byte	74
 184 009b FF       		.byte	-1
 185 009c 4B       		.byte	75
 186 009d FF       		.byte	-1
 187 009e 4D       		.byte	77
 188 009f A0       		.byte	-96
 189 00a0 4F       		.byte	79
 190 00a1 04       		.byte	4
 191 00a2 50       		.byte	80
 192 00a3 18       		.byte	24
 193 00a4 5A       		.byte	90
 194 00a5 04       		.byte	4
 195 00a6 5F       		.byte	95
 196 00a7 01       		.byte	1
 197 00a8 60       		.byte	96
 198 00a9 40       		.byte	64
 199 00aa 62       		.byte	98
 200 00ab C0       		.byte	-64
 201 00ac 64       		.byte	100
 202 00ad 40       		.byte	64
 203 00ae 65       		.byte	101
 204 00af 40       		.byte	64
 205 00b0 66       		.byte	102
 206 00b1 C0       		.byte	-64
 207 00b2 68       		.byte	104
 208 00b3 C0       		.byte	-64
 209 00b4 6A       		.byte	106
 210 00b5 C0       		.byte	-64
 211 00b6 6C       		.byte	108
 212 00b7 C0       		.byte	-64
 213 00b8 6E       		.byte	110
 214 00b9 C0       		.byte	-64
 215 00ba 83       		.byte	-125
 216 00bb 0C       		.byte	12
 217 00bc 87       		.byte	-121
 218 00bd 03       		.byte	3
 219 00be 8A       		.byte	-118
 220 00bf 0E       		.byte	14
 221 00c0 91       		.byte	-111
 222 00c1 02       		.byte	2
 223 00c2 96       		.byte	-106
 224 00c3 02       		.byte	2
 225 00c4 99       		.byte	-103
 226 00c5 08       		.byte	8
 227 00c6 9E       		.byte	-98
 228 00c7 08       		.byte	8
ARM GAS  C:\Users\teju\AppData\Local\Temp\cczEIO0I.s 			page 5


 229 00c8 AA       		.byte	-86
 230 00c9 04       		.byte	4
 231 00ca AE       		.byte	-82
 232 00cb 01       		.byte	1
 233 00cc B0       		.byte	-80
 234 00cd 04       		.byte	4
 235 00ce B1       		.byte	-79
 236 00cf 02       		.byte	2
 237 00d0 B2       		.byte	-78
 238 00d1 01       		.byte	1
 239 00d2 B3       		.byte	-77
 240 00d3 08       		.byte	8
 241 00d4 B4       		.byte	-76
 242 00d5 02       		.byte	2
 243 00d6 B5       		.byte	-75
 244 00d7 04       		.byte	4
 245 00d8 B6       		.byte	-74
 246 00d9 08       		.byte	8
 247 00da B7       		.byte	-73
 248 00db 01       		.byte	1
 249 00dc BE       		.byte	-66
 250 00dd 10       		.byte	16
 251 00de C0       		.byte	-64
 252 00df 30       		.byte	48
 253 00e0 C1       		.byte	-63
 254 00e1 02       		.byte	2
 255 00e2 C5       		.byte	-59
 256 00e3 D0       		.byte	-48
 257 00e4 C6       		.byte	-58
 258 00e5 20       		.byte	32
 259 00e6 C7       		.byte	-57
 260 00e7 51       		.byte	81
 261 00e8 C8       		.byte	-56
 262 00e9 3A       		.byte	58
 263 00ea C9       		.byte	-55
 264 00eb FF       		.byte	-1
 265 00ec CA       		.byte	-54
 266 00ed FF       		.byte	-1
 267 00ee CB       		.byte	-53
 268 00ef FF       		.byte	-1
 269 00f0 CD       		.byte	-51
 270 00f1 AF       		.byte	-81
 271 00f2 CE       		.byte	-50
 272 00f3 0F       		.byte	15
 273 00f4 CF       		.byte	-49
 274 00f5 04       		.byte	4
 275 00f6 D0       		.byte	-48
 276 00f7 18       		.byte	24
 277 00f8 D2       		.byte	-46
 278 00f9 80       		.byte	-128
 279 00fa D4       		.byte	-44
 280 00fb 07       		.byte	7
 281 00fc D8       		.byte	-40
 282 00fd 04       		.byte	4
 283 00fe D9       		.byte	-39
 284 00ff 04       		.byte	4
 285 0100 DA       		.byte	-38
ARM GAS  C:\Users\teju\AppData\Local\Temp\cczEIO0I.s 			page 6


 286 0101 04       		.byte	4
 287 0102 DB       		.byte	-37
 288 0103 04       		.byte	4
 289 0104 DF       		.byte	-33
 290 0105 01       		.byte	1
 291 0106 E0       		.byte	-32
 292 0107 40       		.byte	64
 293 0108 E2       		.byte	-30
 294 0109 C0       		.byte	-64
 295 010a E4       		.byte	-28
 296 010b 40       		.byte	64
 297 010c E5       		.byte	-27
 298 010d 40       		.byte	64
 299 010e E6       		.byte	-26
 300 010f C0       		.byte	-64
 301 0110 E8       		.byte	-24
 302 0111 C0       		.byte	-64
 303 0112 EA       		.byte	-22
 304 0113 C0       		.byte	-64
 305 0114 EC       		.byte	-20
 306 0115 C0       		.byte	-64
 307 0116 EE       		.byte	-18
 308 0117 C0       		.byte	-64
 309 0118 04       		.byte	4
 310 0119 10       		.byte	16
 311 011a 0F       		.byte	15
 312 011b 22       		.byte	34
 313 011c 16       		.byte	22
 314 011d 08       		.byte	8
 315 011e 17       		.byte	23
 316 011f 40       		.byte	64
 317 0120 1C       		.byte	28
 318 0121 10       		.byte	16
 319 0122 1D       		.byte	29
 320 0123 8A       		.byte	-118
 321 0124 1E       		.byte	30
 322 0125 08       		.byte	8
 323 0126 24       		.byte	36
 324 0127 40       		.byte	64
 325 0128 26       		.byte	38
 326 0129 20       		.byte	32
 327 012a 27       		.byte	39
 328 012b 22       		.byte	34
 329 012c 36       		.byte	54
 330 012d 20       		.byte	32
 331 012e 37       		.byte	55
 332 012f 02       		.byte	2
 333 0130 3E       		.byte	62
 334 0131 08       		.byte	8
 335 0132 3F       		.byte	63
 336 0133 02       		.byte	2
 337 0134 40       		.byte	64
 338 0135 10       		.byte	16
 339 0136 41       		.byte	65
 340 0137 20       		.byte	32
 341 0138 45       		.byte	69
 342 0139 28       		.byte	40
ARM GAS  C:\Users\teju\AppData\Local\Temp\cczEIO0I.s 			page 7


 343 013a 4F       		.byte	79
 344 013b 01       		.byte	1
 345 013c 55       		.byte	85
 346 013d 20       		.byte	32
 347 013e 56       		.byte	86
 348 013f 08       		.byte	8
 349 0140 57       		.byte	87
 350 0141 11       		.byte	17
 351 0142 5C       		.byte	92
 352 0143 40       		.byte	64
 353 0144 5E       		.byte	94
 354 0145 08       		.byte	8
 355 0146 5F       		.byte	95
 356 0147 21       		.byte	33
 357 0148 77       		.byte	119
 358 0149 40       		.byte	64
 359 014a 85       		.byte	-123
 360 014b 80       		.byte	-128
 361 014c C0       		.byte	-64
 362 014d 40       		.byte	64
 363 014e C2       		.byte	-62
 364 014f A0       		.byte	-96
 365 0150 C4       		.byte	-60
 366 0151 C0       		.byte	-64
 367 0152 CC       		.byte	-52
 368 0153 A0       		.byte	-96
 369 0154 CE       		.byte	-50
 370 0155 C0       		.byte	-64
 371 0156 D0       		.byte	-48
 372 0157 66       		.byte	102
 373 0158 D6       		.byte	-42
 374 0159 F0       		.byte	-16
 375 015a 40       		.byte	64
 376 015b 60       		.byte	96
 377 015c 41       		.byte	65
 378 015d 05       		.byte	5
 379 015e 49       		.byte	73
 380 015f FF       		.byte	-1
 381 0160 4A       		.byte	74
 382 0161 FF       		.byte	-1
 383 0162 4B       		.byte	75
 384 0163 FF       		.byte	-1
 385 0164 4D       		.byte	77
 386 0165 A0       		.byte	-96
 387 0166 4F       		.byte	79
 388 0167 04       		.byte	4
 389 0168 50       		.byte	80
 390 0169 18       		.byte	24
 391 016a 5A       		.byte	90
 392 016b 04       		.byte	4
 393 016c 5D       		.byte	93
 394 016d 05       		.byte	5
 395 016e 5F       		.byte	95
 396 016f 01       		.byte	1
 397 0170 60       		.byte	96
 398 0171 40       		.byte	64
 399 0172 62       		.byte	98
ARM GAS  C:\Users\teju\AppData\Local\Temp\cczEIO0I.s 			page 8


 400 0173 C0       		.byte	-64
 401 0174 64       		.byte	100
 402 0175 40       		.byte	64
 403 0176 65       		.byte	101
 404 0177 40       		.byte	64
 405 0178 66       		.byte	102
 406 0179 C0       		.byte	-64
 407 017a 68       		.byte	104
 408 017b C0       		.byte	-64
 409 017c 6A       		.byte	106
 410 017d C0       		.byte	-64
 411 017e 6C       		.byte	108
 412 017f C0       		.byte	-64
 413 0180 6E       		.byte	110
 414 0181 C0       		.byte	-64
 415 0182 89       		.byte	-119
 416 0183 02       		.byte	2
 417 0184 8D       		.byte	-115
 418 0185 08       		.byte	8
 419 0186 8E       		.byte	-114
 420 0187 02       		.byte	2
 421 0188 92       		.byte	-110
 422 0189 01       		.byte	1
 423 018a 97       		.byte	-105
 424 018b 03       		.byte	3
 425 018c 9A       		.byte	-102
 426 018d 0E       		.byte	14
 427 018e 9B       		.byte	-101
 428 018f 0C       		.byte	12
 429 0190 A6       		.byte	-90
 430 0191 08       		.byte	8
 431 0192 AA       		.byte	-86
 432 0193 04       		.byte	4
 433 0194 B0       		.byte	-80
 434 0195 04       		.byte	4
 435 0196 B1       		.byte	-79
 436 0197 04       		.byte	4
 437 0198 B2       		.byte	-78
 438 0199 02       		.byte	2
 439 019a B3       		.byte	-77
 440 019b 01       		.byte	1
 441 019c B4       		.byte	-76
 442 019d 01       		.byte	1
 443 019e B5       		.byte	-75
 444 019f 08       		.byte	8
 445 01a0 B6       		.byte	-74
 446 01a1 08       		.byte	8
 447 01a2 B7       		.byte	-73
 448 01a3 02       		.byte	2
 449 01a4 BE       		.byte	-66
 450 01a5 04       		.byte	4
 451 01a6 C0       		.byte	-64
 452 01a7 20       		.byte	32
 453 01a8 C1       		.byte	-63
 454 01a9 05       		.byte	5
 455 01aa C5       		.byte	-59
 456 01ab D5       		.byte	-43
ARM GAS  C:\Users\teju\AppData\Local\Temp\cczEIO0I.s 			page 9


 457 01ac C7       		.byte	-57
 458 01ad 21       		.byte	33
 459 01ae C8       		.byte	-56
 460 01af 33       		.byte	51
 461 01b0 C9       		.byte	-55
 462 01b1 FF       		.byte	-1
 463 01b2 CA       		.byte	-54
 464 01b3 FF       		.byte	-1
 465 01b4 CB       		.byte	-53
 466 01b5 FF       		.byte	-1
 467 01b6 CD       		.byte	-51
 468 01b7 AF       		.byte	-81
 469 01b8 CE       		.byte	-50
 470 01b9 0F       		.byte	15
 471 01ba CF       		.byte	-49
 472 01bb 04       		.byte	4
 473 01bc D0       		.byte	-48
 474 01bd 18       		.byte	24
 475 01be D2       		.byte	-46
 476 01bf 80       		.byte	-128
 477 01c0 D4       		.byte	-44
 478 01c1 07       		.byte	7
 479 01c2 D8       		.byte	-40
 480 01c3 04       		.byte	4
 481 01c4 D9       		.byte	-39
 482 01c5 04       		.byte	4
 483 01c6 DA       		.byte	-38
 484 01c7 04       		.byte	4
 485 01c8 DB       		.byte	-37
 486 01c9 04       		.byte	4
 487 01ca DC       		.byte	-36
 488 01cb 55       		.byte	85
 489 01cc DD       		.byte	-35
 490 01cd 55       		.byte	85
 491 01ce DF       		.byte	-33
 492 01cf 01       		.byte	1
 493 01d0 E0       		.byte	-32
 494 01d1 40       		.byte	64
 495 01d2 E2       		.byte	-30
 496 01d3 C0       		.byte	-64
 497 01d4 E4       		.byte	-28
 498 01d5 40       		.byte	64
 499 01d6 E5       		.byte	-27
 500 01d7 40       		.byte	64
 501 01d8 E6       		.byte	-26
 502 01d9 C0       		.byte	-64
 503 01da E8       		.byte	-24
 504 01db C0       		.byte	-64
 505 01dc EA       		.byte	-22
 506 01dd C0       		.byte	-64
 507 01de EC       		.byte	-20
 508 01df C0       		.byte	-64
 509 01e0 EE       		.byte	-18
 510 01e1 C0       		.byte	-64
 511 01e2 02       		.byte	2
 512 01e3 02       		.byte	2
 513 01e4 0A       		.byte	10
ARM GAS  C:\Users\teju\AppData\Local\Temp\cczEIO0I.s 			page 10


 514 01e5 44       		.byte	68
 515 01e6 10       		.byte	16
 516 01e7 28       		.byte	40
 517 01e8 19       		.byte	25
 518 01e9 04       		.byte	4
 519 01ea 1A       		.byte	26
 520 01eb 04       		.byte	4
 521 01ec 1B       		.byte	27
 522 01ed 51       		.byte	81
 523 01ee 20       		.byte	32
 524 01ef 50       		.byte	80
 525 01f0 22       		.byte	34
 526 01f1 50       		.byte	80
 527 01f2 30       		.byte	48
 528 01f3 28       		.byte	40
 529 01f4 38       		.byte	56
 530 01f5 50       		.byte	80
 531 01f6 42       		.byte	66
 532 01f7 04       		.byte	4
 533 01f8 48       		.byte	72
 534 01f9 20       		.byte	32
 535 01fa 49       		.byte	73
 536 01fb 01       		.byte	1
 537 01fc 4A       		.byte	74
 538 01fd 02       		.byte	2
 539 01fe 4E       		.byte	78
 540 01ff 02       		.byte	2
 541 0200 4F       		.byte	79
 542 0201 20       		.byte	32
 543 0202 50       		.byte	80
 544 0203 08       		.byte	8
 545 0204 52       		.byte	82
 546 0205 02       		.byte	2
 547 0206 59       		.byte	89
 548 0207 05       		.byte	5
 549 0208 5A       		.byte	90
 550 0209 A0       		.byte	-96
 551 020a 72       		.byte	114
 552 020b 40       		.byte	64
 553 020c 83       		.byte	-125
 554 020d 40       		.byte	64
 555 020e 89       		.byte	-119
 556 020f 02       		.byte	2
 557 0210 97       		.byte	-105
 558 0211 02       		.byte	2
 559 0212 A9       		.byte	-87
 560 0213 02       		.byte	2
 561 0214 B7       		.byte	-73
 562 0215 01       		.byte	1
 563 0216 C0       		.byte	-64
 564 0217 01       		.byte	1
 565 0218 C2       		.byte	-62
 566 0219 0A       		.byte	10
 567 021a C4       		.byte	-60
 568 021b 06       		.byte	6
 569 021c CC       		.byte	-52
 570 021d 06       		.byte	6
ARM GAS  C:\Users\teju\AppData\Local\Temp\cczEIO0I.s 			page 11


 571 021e CE       		.byte	-50
 572 021f 0C       		.byte	12
 573 0220 D0       		.byte	-48
 574 0221 04       		.byte	4
 575 0222 D2       		.byte	-46
 576 0223 38       		.byte	56
 577 0224 D6       		.byte	-42
 578 0225 0F       		.byte	15
 579 0226 E2       		.byte	-30
 580 0227 80       		.byte	-128
 581 0228 EA       		.byte	-22
 582 0229 40       		.byte	64
 583 022a 40       		.byte	64
 584 022b 60       		.byte	96
 585 022c 41       		.byte	65
 586 022d 05       		.byte	5
 587 022e 49       		.byte	73
 588 022f FF       		.byte	-1
 589 0230 4A       		.byte	74
 590 0231 FF       		.byte	-1
 591 0232 4B       		.byte	75
 592 0233 FF       		.byte	-1
 593 0234 4D       		.byte	77
 594 0235 A0       		.byte	-96
 595 0236 4F       		.byte	79
 596 0237 04       		.byte	4
 597 0238 50       		.byte	80
 598 0239 18       		.byte	24
 599 023a 5A       		.byte	90
 600 023b 04       		.byte	4
 601 023c 5D       		.byte	93
 602 023d 01       		.byte	1
 603 023e 5F       		.byte	95
 604 023f 01       		.byte	1
 605 0240 60       		.byte	96
 606 0241 40       		.byte	64
 607 0242 62       		.byte	98
 608 0243 C0       		.byte	-64
 609 0244 64       		.byte	100
 610 0245 40       		.byte	64
 611 0246 65       		.byte	101
 612 0247 40       		.byte	64
 613 0248 66       		.byte	102
 614 0249 C0       		.byte	-64
 615 024a 68       		.byte	104
 616 024b C0       		.byte	-64
 617 024c 6A       		.byte	106
 618 024d C0       		.byte	-64
 619 024e 6C       		.byte	108
 620 024f C0       		.byte	-64
 621 0250 6E       		.byte	110
 622 0251 C0       		.byte	-64
 623 0252 89       		.byte	-119
 624 0253 02       		.byte	2
 625 0254 8D       		.byte	-115
 626 0255 08       		.byte	8
 627 0256 8E       		.byte	-114
ARM GAS  C:\Users\teju\AppData\Local\Temp\cczEIO0I.s 			page 12


 628 0257 02       		.byte	2
 629 0258 92       		.byte	-110
 630 0259 01       		.byte	1
 631 025a 97       		.byte	-105
 632 025b 03       		.byte	3
 633 025c 9A       		.byte	-102
 634 025d 0E       		.byte	14
 635 025e 9B       		.byte	-101
 636 025f 0C       		.byte	12
 637 0260 A6       		.byte	-90
 638 0261 08       		.byte	8
 639 0262 AA       		.byte	-86
 640 0263 04       		.byte	4
 641 0264 B0       		.byte	-80
 642 0265 04       		.byte	4
 643 0266 B1       		.byte	-79
 644 0267 04       		.byte	4
 645 0268 B2       		.byte	-78
 646 0269 02       		.byte	2
 647 026a B3       		.byte	-77
 648 026b 01       		.byte	1
 649 026c B4       		.byte	-76
 650 026d 01       		.byte	1
 651 026e B5       		.byte	-75
 652 026f 08       		.byte	8
 653 0270 B6       		.byte	-74
 654 0271 08       		.byte	8
 655 0272 B7       		.byte	-73
 656 0273 02       		.byte	2
 657 0274 BE       		.byte	-66
 658 0275 04       		.byte	4
 659 0276 C0       		.byte	-64
 660 0277 20       		.byte	32
 661 0278 C1       		.byte	-63
 662 0279 05       		.byte	5
 663 027a C5       		.byte	-59
 664 027b D5       		.byte	-43
 665 027c C7       		.byte	-57
 666 027d 21       		.byte	33
 667 027e C8       		.byte	-56
 668 027f 33       		.byte	51
 669 0280 C9       		.byte	-55
 670 0281 FF       		.byte	-1
 671 0282 CA       		.byte	-54
 672 0283 FF       		.byte	-1
 673 0284 CB       		.byte	-53
 674 0285 FF       		.byte	-1
 675 0286 CD       		.byte	-51
 676 0287 AF       		.byte	-81
 677 0288 CE       		.byte	-50
 678 0289 0F       		.byte	15
 679 028a CF       		.byte	-49
 680 028b 04       		.byte	4
 681 028c D0       		.byte	-48
 682 028d 18       		.byte	24
 683 028e D2       		.byte	-46
 684 028f 80       		.byte	-128
ARM GAS  C:\Users\teju\AppData\Local\Temp\cczEIO0I.s 			page 13


 685 0290 D4       		.byte	-44
 686 0291 07       		.byte	7
 687 0292 D8       		.byte	-40
 688 0293 04       		.byte	4
 689 0294 D9       		.byte	-39
 690 0295 04       		.byte	4
 691 0296 DA       		.byte	-38
 692 0297 04       		.byte	4
 693 0298 DB       		.byte	-37
 694 0299 04       		.byte	4
 695 029a DC       		.byte	-36
 696 029b 11       		.byte	17
 697 029c DD       		.byte	-35
 698 029d 11       		.byte	17
 699 029e DF       		.byte	-33
 700 029f 01       		.byte	1
 701 02a0 E0       		.byte	-32
 702 02a1 40       		.byte	64
 703 02a2 E2       		.byte	-30
 704 02a3 C0       		.byte	-64
 705 02a4 E4       		.byte	-28
 706 02a5 40       		.byte	64
 707 02a6 E5       		.byte	-27
 708 02a7 40       		.byte	64
 709 02a8 E6       		.byte	-26
 710 02a9 C0       		.byte	-64
 711 02aa E8       		.byte	-24
 712 02ab C0       		.byte	-64
 713 02ac EA       		.byte	-22
 714 02ad C0       		.byte	-64
 715 02ae EC       		.byte	-20
 716 02af C0       		.byte	-64
 717 02b0 EE       		.byte	-18
 718 02b1 C0       		.byte	-64
 719 02b2 02       		.byte	2
 720 02b3 02       		.byte	2
 721 02b4 0A       		.byte	10
 722 02b5 44       		.byte	68
 723 02b6 10       		.byte	16
 724 02b7 28       		.byte	40
 725 02b8 18       		.byte	24
 726 02b9 80       		.byte	-128
 727 02ba 19       		.byte	25
 728 02bb 04       		.byte	4
 729 02bc 1A       		.byte	26
 730 02bd 04       		.byte	4
 731 02be 1B       		.byte	27
 732 02bf 90       		.byte	-112
 733 02c0 20       		.byte	32
 734 02c1 50       		.byte	80
 735 02c2 22       		.byte	34
 736 02c3 50       		.byte	80
 737 02c4 30       		.byte	48
 738 02c5 28       		.byte	40
 739 02c6 38       		.byte	56
 740 02c7 50       		.byte	80
 741 02c8 42       		.byte	66
ARM GAS  C:\Users\teju\AppData\Local\Temp\cczEIO0I.s 			page 14


 742 02c9 04       		.byte	4
 743 02ca 48       		.byte	72
 744 02cb 20       		.byte	32
 745 02cc 49       		.byte	73
 746 02cd 01       		.byte	1
 747 02ce 4A       		.byte	74
 748 02cf 02       		.byte	2
 749 02d0 4E       		.byte	78
 750 02d1 02       		.byte	2
 751 02d2 4F       		.byte	79
 752 02d3 20       		.byte	32
 753 02d4 50       		.byte	80
 754 02d5 08       		.byte	8
 755 02d6 52       		.byte	82
 756 02d7 02       		.byte	2
 757 02d8 59       		.byte	89
 758 02d9 05       		.byte	5
 759 02da 5A       		.byte	90
 760 02db A0       		.byte	-96
 761 02dc 72       		.byte	114
 762 02dd 40       		.byte	64
 763 02de 8F       		.byte	-113
 764 02df 80       		.byte	-128
 765 02e0 97       		.byte	-105
 766 02e1 02       		.byte	2
 767 02e2 C0       		.byte	-64
 768 02e3 01       		.byte	1
 769 02e4 C2       		.byte	-62
 770 02e5 0A       		.byte	10
 771 02e6 C4       		.byte	-60
 772 02e7 06       		.byte	6
 773 02e8 CC       		.byte	-52
 774 02e9 06       		.byte	6
 775 02ea CE       		.byte	-50
 776 02eb 0C       		.byte	12
 777 02ec D0       		.byte	-48
 778 02ed 04       		.byte	4
 779 02ee D2       		.byte	-46
 780 02ef 38       		.byte	56
 781 02f0 D6       		.byte	-42
 782 02f1 0F       		.byte	15
 783 02f2 40       		.byte	64
 784 02f3 30       		.byte	48
 785 02f4 41       		.byte	65
 786 02f5 02       		.byte	2
 787 02f6 49       		.byte	73
 788 02f7 FF       		.byte	-1
 789 02f8 4A       		.byte	74
 790 02f9 FF       		.byte	-1
 791 02fa 4B       		.byte	75
 792 02fb FF       		.byte	-1
 793 02fc 4D       		.byte	77
 794 02fd A0       		.byte	-96
 795 02fe 4F       		.byte	79
 796 02ff 04       		.byte	4
 797 0300 50       		.byte	80
 798 0301 18       		.byte	24
ARM GAS  C:\Users\teju\AppData\Local\Temp\cczEIO0I.s 			page 15


 799 0302 5A       		.byte	90
 800 0303 04       		.byte	4
 801 0304 5D       		.byte	93
 802 0305 03       		.byte	3
 803 0306 5F       		.byte	95
 804 0307 01       		.byte	1
 805 0308 60       		.byte	96
 806 0309 40       		.byte	64
 807 030a 62       		.byte	98
 808 030b C0       		.byte	-64
 809 030c 64       		.byte	100
 810 030d 40       		.byte	64
 811 030e 65       		.byte	101
 812 030f 40       		.byte	64
 813 0310 66       		.byte	102
 814 0311 C0       		.byte	-64
 815 0312 68       		.byte	104
 816 0313 C0       		.byte	-64
 817 0314 6A       		.byte	106
 818 0315 C0       		.byte	-64
 819 0316 6C       		.byte	108
 820 0317 C0       		.byte	-64
 821 0318 6E       		.byte	110
 822 0319 C0       		.byte	-64
 823 031a 83       		.byte	-125
 824 031b 0C       		.byte	12
 825 031c 87       		.byte	-121
 826 031d 03       		.byte	3
 827 031e 8A       		.byte	-118
 828 031f 0E       		.byte	14
 829 0320 91       		.byte	-111
 830 0321 02       		.byte	2
 831 0322 99       		.byte	-103
 832 0323 08       		.byte	8
 833 0324 9E       		.byte	-98
 834 0325 08       		.byte	8
 835 0326 A6       		.byte	-90
 836 0327 02       		.byte	2
 837 0328 AA       		.byte	-86
 838 0329 04       		.byte	4
 839 032a AE       		.byte	-82
 840 032b 01       		.byte	1
 841 032c B0       		.byte	-80
 842 032d 04       		.byte	4
 843 032e B1       		.byte	-79
 844 032f 02       		.byte	2
 845 0330 B2       		.byte	-78
 846 0331 01       		.byte	1
 847 0332 B3       		.byte	-77
 848 0333 08       		.byte	8
 849 0334 B4       		.byte	-76
 850 0335 02       		.byte	2
 851 0336 B5       		.byte	-75
 852 0337 04       		.byte	4
 853 0338 B6       		.byte	-74
 854 0339 08       		.byte	8
 855 033a B7       		.byte	-73
ARM GAS  C:\Users\teju\AppData\Local\Temp\cczEIO0I.s 			page 16


 856 033b 01       		.byte	1
 857 033c BE       		.byte	-66
 858 033d 10       		.byte	16
 859 033e C0       		.byte	-64
 860 033f 30       		.byte	48
 861 0340 C1       		.byte	-63
 862 0341 02       		.byte	2
 863 0342 C5       		.byte	-59
 864 0343 D0       		.byte	-48
 865 0344 C6       		.byte	-58
 866 0345 20       		.byte	32
 867 0346 C7       		.byte	-57
 868 0347 51       		.byte	81
 869 0348 C8       		.byte	-56
 870 0349 3A       		.byte	58
 871 034a C9       		.byte	-55
 872 034b FF       		.byte	-1
 873 034c CA       		.byte	-54
 874 034d FF       		.byte	-1
 875 034e CB       		.byte	-53
 876 034f FF       		.byte	-1
 877 0350 CD       		.byte	-51
 878 0351 AF       		.byte	-81
 879 0352 CE       		.byte	-50
 880 0353 0F       		.byte	15
 881 0354 CF       		.byte	-49
 882 0355 04       		.byte	4
 883 0356 D0       		.byte	-48
 884 0357 18       		.byte	24
 885 0358 D2       		.byte	-46
 886 0359 80       		.byte	-128
 887 035a D4       		.byte	-44
 888 035b 07       		.byte	7
 889 035c D8       		.byte	-40
 890 035d 04       		.byte	4
 891 035e D9       		.byte	-39
 892 035f 04       		.byte	4
 893 0360 DA       		.byte	-38
 894 0361 04       		.byte	4
 895 0362 DB       		.byte	-37
 896 0363 04       		.byte	4
 897 0364 DC       		.byte	-36
 898 0365 33       		.byte	51
 899 0366 DD       		.byte	-35
 900 0367 33       		.byte	51
 901 0368 DF       		.byte	-33
 902 0369 01       		.byte	1
 903 036a E0       		.byte	-32
 904 036b 40       		.byte	64
 905 036c E2       		.byte	-30
 906 036d C0       		.byte	-64
 907 036e E4       		.byte	-28
 908 036f 40       		.byte	64
 909 0370 E5       		.byte	-27
 910 0371 40       		.byte	64
 911 0372 E6       		.byte	-26
 912 0373 C0       		.byte	-64
ARM GAS  C:\Users\teju\AppData\Local\Temp\cczEIO0I.s 			page 17


 913 0374 E8       		.byte	-24
 914 0375 C0       		.byte	-64
 915 0376 EA       		.byte	-22
 916 0377 C0       		.byte	-64
 917 0378 EC       		.byte	-20
 918 0379 C0       		.byte	-64
 919 037a EE       		.byte	-18
 920 037b C0       		.byte	-64
 921 037c 04       		.byte	4
 922 037d 10       		.byte	16
 923 037e 0F       		.byte	15
 924 037f 02       		.byte	2
 925 0380 16       		.byte	22
 926 0381 28       		.byte	40
 927 0382 17       		.byte	23
 928 0383 40       		.byte	64
 929 0384 1C       		.byte	28
 930 0385 10       		.byte	16
 931 0386 1D       		.byte	29
 932 0387 09       		.byte	9
 933 0388 1E       		.byte	30
 934 0389 08       		.byte	8
 935 038a 1F       		.byte	31
 936 038b 80       		.byte	-128
 937 038c 24       		.byte	36
 938 038d 40       		.byte	64
 939 038e 26       		.byte	38
 940 038f 20       		.byte	32
 941 0390 27       		.byte	39
 942 0391 22       		.byte	34
 943 0392 36       		.byte	54
 944 0393 20       		.byte	32
 945 0394 37       		.byte	55
 946 0395 02       		.byte	2
 947 0396 3E       		.byte	62
 948 0397 08       		.byte	8
 949 0398 3F       		.byte	63
 950 0399 02       		.byte	2
 951 039a 40       		.byte	64
 952 039b 10       		.byte	16
 953 039c 41       		.byte	65
 954 039d 20       		.byte	32
 955 039e 45       		.byte	69
 956 039f 28       		.byte	40
 957 03a0 4F       		.byte	79
 958 03a1 01       		.byte	1
 959 03a2 55       		.byte	85
 960 03a3 20       		.byte	32
 961 03a4 56       		.byte	86
 962 03a5 28       		.byte	40
 963 03a6 57       		.byte	87
 964 03a7 01       		.byte	1
 965 03a8 5C       		.byte	92
 966 03a9 40       		.byte	64
 967 03aa 5E       		.byte	94
 968 03ab 08       		.byte	8
 969 03ac 5F       		.byte	95
ARM GAS  C:\Users\teju\AppData\Local\Temp\cczEIO0I.s 			page 18


 970 03ad 21       		.byte	33
 971 03ae 77       		.byte	119
 972 03af 40       		.byte	64
 973 03b0 87       		.byte	-121
 974 03b1 80       		.byte	-128
 975 03b2 8D       		.byte	-115
 976 03b3 01       		.byte	1
 977 03b4 8F       		.byte	-113
 978 03b5 01       		.byte	1
 979 03b6 C0       		.byte	-64
 980 03b7 40       		.byte	64
 981 03b8 C2       		.byte	-62
 982 03b9 80       		.byte	-128
 983 03ba C4       		.byte	-60
 984 03bb E0       		.byte	-32
 985 03bc CC       		.byte	-52
 986 03bd A0       		.byte	-96
 987 03be CE       		.byte	-50
 988 03bf C0       		.byte	-64
 989 03c0 D0       		.byte	-48
 990 03c1 66       		.byte	102
 991 03c2 D6       		.byte	-42
 992 03c3 F0       		.byte	-16
 993 03c4 E4       		.byte	-28
 994 03c5 08       		.byte	8
 995 03c6 40       		.byte	64
 996 03c7 30       		.byte	48
 997 03c8 41       		.byte	65
 998 03c9 02       		.byte	2
 999 03ca 49       		.byte	73
 1000 03cb FF       		.byte	-1
 1001 03cc 4A       		.byte	74
 1002 03cd FF       		.byte	-1
 1003 03ce 4B       		.byte	75
 1004 03cf FF       		.byte	-1
 1005 03d0 4D       		.byte	77
 1006 03d1 A0       		.byte	-96
 1007 03d2 4F       		.byte	79
 1008 03d3 04       		.byte	4
 1009 03d4 50       		.byte	80
 1010 03d5 18       		.byte	24
 1011 03d6 5A       		.byte	90
 1012 03d7 04       		.byte	4
 1013 03d8 5D       		.byte	93
 1014 03d9 02       		.byte	2
 1015 03da 5F       		.byte	95
 1016 03db 01       		.byte	1
 1017 03dc 60       		.byte	96
 1018 03dd 40       		.byte	64
 1019 03de 62       		.byte	98
 1020 03df C0       		.byte	-64
 1021 03e0 64       		.byte	100
 1022 03e1 40       		.byte	64
 1023 03e2 65       		.byte	101
 1024 03e3 40       		.byte	64
 1025 03e4 66       		.byte	102
 1026 03e5 C0       		.byte	-64
ARM GAS  C:\Users\teju\AppData\Local\Temp\cczEIO0I.s 			page 19


 1027 03e6 68       		.byte	104
 1028 03e7 C0       		.byte	-64
 1029 03e8 6A       		.byte	106
 1030 03e9 C0       		.byte	-64
 1031 03ea 6C       		.byte	108
 1032 03eb C0       		.byte	-64
 1033 03ec 6E       		.byte	110
 1034 03ed C0       		.byte	-64
 1035 03ee 83       		.byte	-125
 1036 03ef 0C       		.byte	12
 1037 03f0 87       		.byte	-121
 1038 03f1 03       		.byte	3
 1039 03f2 8A       		.byte	-118
 1040 03f3 0E       		.byte	14
 1041 03f4 91       		.byte	-111
 1042 03f5 02       		.byte	2
 1043 03f6 99       		.byte	-103
 1044 03f7 08       		.byte	8
 1045 03f8 9E       		.byte	-98
 1046 03f9 08       		.byte	8
 1047 03fa A6       		.byte	-90
 1048 03fb 02       		.byte	2
 1049 03fc AA       		.byte	-86
 1050 03fd 04       		.byte	4
 1051 03fe AE       		.byte	-82
 1052 03ff 01       		.byte	1
 1053 0400 B0       		.byte	-80
 1054 0401 04       		.byte	4
 1055 0402 B1       		.byte	-79
 1056 0403 02       		.byte	2
 1057 0404 B2       		.byte	-78
 1058 0405 01       		.byte	1
 1059 0406 B3       		.byte	-77
 1060 0407 08       		.byte	8
 1061 0408 B4       		.byte	-76
 1062 0409 02       		.byte	2
 1063 040a B5       		.byte	-75
 1064 040b 04       		.byte	4
 1065 040c B6       		.byte	-74
 1066 040d 08       		.byte	8
 1067 040e B7       		.byte	-73
 1068 040f 01       		.byte	1
 1069 0410 BE       		.byte	-66
 1070 0411 10       		.byte	16
 1071 0412 C0       		.byte	-64
 1072 0413 30       		.byte	48
 1073 0414 C1       		.byte	-63
 1074 0415 02       		.byte	2
 1075 0416 C5       		.byte	-59
 1076 0417 D0       		.byte	-48
 1077 0418 C6       		.byte	-58
 1078 0419 20       		.byte	32
 1079 041a C7       		.byte	-57
 1080 041b 51       		.byte	81
 1081 041c C8       		.byte	-56
 1082 041d 3A       		.byte	58
 1083 041e C9       		.byte	-55
ARM GAS  C:\Users\teju\AppData\Local\Temp\cczEIO0I.s 			page 20


 1084 041f FF       		.byte	-1
 1085 0420 CA       		.byte	-54
 1086 0421 FF       		.byte	-1
 1087 0422 CB       		.byte	-53
 1088 0423 FF       		.byte	-1
 1089 0424 CD       		.byte	-51
 1090 0425 AF       		.byte	-81
 1091 0426 CE       		.byte	-50
 1092 0427 0F       		.byte	15
 1093 0428 CF       		.byte	-49
 1094 0429 04       		.byte	4
 1095 042a D0       		.byte	-48
 1096 042b 18       		.byte	24
 1097 042c D2       		.byte	-46
 1098 042d 80       		.byte	-128
 1099 042e D4       		.byte	-44
 1100 042f 07       		.byte	7
 1101 0430 D8       		.byte	-40
 1102 0431 04       		.byte	4
 1103 0432 D9       		.byte	-39
 1104 0433 04       		.byte	4
 1105 0434 DA       		.byte	-38
 1106 0435 04       		.byte	4
 1107 0436 DB       		.byte	-37
 1108 0437 04       		.byte	4
 1109 0438 DC       		.byte	-36
 1110 0439 22       		.byte	34
 1111 043a DD       		.byte	-35
 1112 043b 22       		.byte	34
 1113 043c DF       		.byte	-33
 1114 043d 01       		.byte	1
 1115 043e E0       		.byte	-32
 1116 043f 40       		.byte	64
 1117 0440 E2       		.byte	-30
 1118 0441 C0       		.byte	-64
 1119 0442 E4       		.byte	-28
 1120 0443 40       		.byte	64
 1121 0444 E5       		.byte	-27
 1122 0445 40       		.byte	64
 1123 0446 E6       		.byte	-26
 1124 0447 C0       		.byte	-64
 1125 0448 E8       		.byte	-24
 1126 0449 C0       		.byte	-64
 1127 044a EA       		.byte	-22
 1128 044b C0       		.byte	-64
 1129 044c EC       		.byte	-20
 1130 044d C0       		.byte	-64
 1131 044e EE       		.byte	-18
 1132 044f C0       		.byte	-64
 1133 0450 04       		.byte	4
 1134 0451 10       		.byte	16
 1135 0452 0F       		.byte	15
 1136 0453 02       		.byte	2
 1137 0454 16       		.byte	22
 1138 0455 28       		.byte	40
 1139 0456 17       		.byte	23
 1140 0457 40       		.byte	64
ARM GAS  C:\Users\teju\AppData\Local\Temp\cczEIO0I.s 			page 21


 1141 0458 1C       		.byte	28
 1142 0459 10       		.byte	16
 1143 045a 1D       		.byte	29
 1144 045b 08       		.byte	8
 1145 045c 1E       		.byte	30
 1146 045d 08       		.byte	8
 1147 045e 1F       		.byte	31
 1148 045f 41       		.byte	65
 1149 0460 24       		.byte	36
 1150 0461 40       		.byte	64
 1151 0462 26       		.byte	38
 1152 0463 20       		.byte	32
 1153 0464 27       		.byte	39
 1154 0465 22       		.byte	34
 1155 0466 36       		.byte	54
 1156 0467 20       		.byte	32
 1157 0468 37       		.byte	55
 1158 0469 02       		.byte	2
 1159 046a 3E       		.byte	62
 1160 046b 08       		.byte	8
 1161 046c 3F       		.byte	63
 1162 046d 02       		.byte	2
 1163 046e 40       		.byte	64
 1164 046f 10       		.byte	16
 1165 0470 41       		.byte	65
 1166 0471 20       		.byte	32
 1167 0472 45       		.byte	69
 1168 0473 28       		.byte	40
 1169 0474 4F       		.byte	79
 1170 0475 01       		.byte	1
 1171 0476 55       		.byte	85
 1172 0477 20       		.byte	32
 1173 0478 56       		.byte	86
 1174 0479 28       		.byte	40
 1175 047a 57       		.byte	87
 1176 047b 01       		.byte	1
 1177 047c 5C       		.byte	92
 1178 047d 40       		.byte	64
 1179 047e 5E       		.byte	94
 1180 047f 08       		.byte	8
 1181 0480 5F       		.byte	95
 1182 0481 21       		.byte	33
 1183 0482 77       		.byte	119
 1184 0483 40       		.byte	64
 1185 0484 97       		.byte	-105
 1186 0485 82       		.byte	-126
 1187 0486 AF       		.byte	-81
 1188 0487 40       		.byte	64
 1189 0488 C0       		.byte	-64
 1190 0489 40       		.byte	64
 1191 048a C2       		.byte	-62
 1192 048b 80       		.byte	-128
 1193 048c C4       		.byte	-60
 1194 048d E0       		.byte	-32
 1195 048e CC       		.byte	-52
 1196 048f A0       		.byte	-96
 1197 0490 CE       		.byte	-50
ARM GAS  C:\Users\teju\AppData\Local\Temp\cczEIO0I.s 			page 22


 1198 0491 C0       		.byte	-64
 1199 0492 D0       		.byte	-48
 1200 0493 66       		.byte	102
 1201 0494 D6       		.byte	-42
 1202 0495 F0       		.byte	-16
 1203 0496 40       		.byte	64
 1204 0497 60       		.byte	96
 1205 0498 41       		.byte	65
 1206 0499 05       		.byte	5
 1207 049a 49       		.byte	73
 1208 049b FF       		.byte	-1
 1209 049c 4A       		.byte	74
 1210 049d FF       		.byte	-1
 1211 049e 4B       		.byte	75
 1212 049f FF       		.byte	-1
 1213 04a0 4D       		.byte	77
 1214 04a1 A0       		.byte	-96
 1215 04a2 4F       		.byte	79
 1216 04a3 04       		.byte	4
 1217 04a4 50       		.byte	80
 1218 04a5 18       		.byte	24
 1219 04a6 5A       		.byte	90
 1220 04a7 04       		.byte	4
 1221 04a8 5D       		.byte	93
 1222 04a9 06       		.byte	6
 1223 04aa 5F       		.byte	95
 1224 04ab 01       		.byte	1
 1225 04ac 60       		.byte	96
 1226 04ad 40       		.byte	64
 1227 04ae 62       		.byte	98
 1228 04af C0       		.byte	-64
 1229 04b0 64       		.byte	100
 1230 04b1 40       		.byte	64
 1231 04b2 65       		.byte	101
 1232 04b3 40       		.byte	64
 1233 04b4 66       		.byte	102
 1234 04b5 C0       		.byte	-64
 1235 04b6 68       		.byte	104
 1236 04b7 C0       		.byte	-64
 1237 04b8 6A       		.byte	106
 1238 04b9 C0       		.byte	-64
 1239 04ba 6C       		.byte	108
 1240 04bb C0       		.byte	-64
 1241 04bc 6E       		.byte	110
 1242 04bd C0       		.byte	-64
 1243 04be 89       		.byte	-119
 1244 04bf 02       		.byte	2
 1245 04c0 8D       		.byte	-115
 1246 04c1 08       		.byte	8
 1247 04c2 8E       		.byte	-114
 1248 04c3 02       		.byte	2
 1249 04c4 92       		.byte	-110
 1250 04c5 01       		.byte	1
 1251 04c6 97       		.byte	-105
 1252 04c7 03       		.byte	3
 1253 04c8 9A       		.byte	-102
 1254 04c9 0E       		.byte	14
ARM GAS  C:\Users\teju\AppData\Local\Temp\cczEIO0I.s 			page 23


 1255 04ca 9B       		.byte	-101
 1256 04cb 0C       		.byte	12
 1257 04cc A6       		.byte	-90
 1258 04cd 08       		.byte	8
 1259 04ce AA       		.byte	-86
 1260 04cf 04       		.byte	4
 1261 04d0 B0       		.byte	-80
 1262 04d1 04       		.byte	4
 1263 04d2 B1       		.byte	-79
 1264 04d3 04       		.byte	4
 1265 04d4 B2       		.byte	-78
 1266 04d5 02       		.byte	2
 1267 04d6 B3       		.byte	-77
 1268 04d7 01       		.byte	1
 1269 04d8 B4       		.byte	-76
 1270 04d9 01       		.byte	1
 1271 04da B5       		.byte	-75
 1272 04db 08       		.byte	8
 1273 04dc B6       		.byte	-74
 1274 04dd 08       		.byte	8
 1275 04de B7       		.byte	-73
 1276 04df 02       		.byte	2
 1277 04e0 BE       		.byte	-66
 1278 04e1 04       		.byte	4
 1279 04e2 C0       		.byte	-64
 1280 04e3 20       		.byte	32
 1281 04e4 C1       		.byte	-63
 1282 04e5 05       		.byte	5
 1283 04e6 C5       		.byte	-59
 1284 04e7 D5       		.byte	-43
 1285 04e8 C7       		.byte	-57
 1286 04e9 21       		.byte	33
 1287 04ea C8       		.byte	-56
 1288 04eb 33       		.byte	51
 1289 04ec C9       		.byte	-55
 1290 04ed FF       		.byte	-1
 1291 04ee CA       		.byte	-54
 1292 04ef FF       		.byte	-1
 1293 04f0 CB       		.byte	-53
 1294 04f1 FF       		.byte	-1
 1295 04f2 CD       		.byte	-51
 1296 04f3 AF       		.byte	-81
 1297 04f4 CE       		.byte	-50
 1298 04f5 0F       		.byte	15
 1299 04f6 CF       		.byte	-49
 1300 04f7 04       		.byte	4
 1301 04f8 D0       		.byte	-48
 1302 04f9 18       		.byte	24
 1303 04fa D2       		.byte	-46
 1304 04fb 80       		.byte	-128
 1305 04fc D4       		.byte	-44
 1306 04fd 07       		.byte	7
 1307 04fe D8       		.byte	-40
 1308 04ff 04       		.byte	4
 1309 0500 D9       		.byte	-39
 1310 0501 04       		.byte	4
 1311 0502 DA       		.byte	-38
ARM GAS  C:\Users\teju\AppData\Local\Temp\cczEIO0I.s 			page 24


 1312 0503 04       		.byte	4
 1313 0504 DB       		.byte	-37
 1314 0505 04       		.byte	4
 1315 0506 DC       		.byte	-36
 1316 0507 66       		.byte	102
 1317 0508 DD       		.byte	-35
 1318 0509 66       		.byte	102
 1319 050a DF       		.byte	-33
 1320 050b 01       		.byte	1
 1321 050c E0       		.byte	-32
 1322 050d 40       		.byte	64
 1323 050e E2       		.byte	-30
 1324 050f C0       		.byte	-64
 1325 0510 E4       		.byte	-28
 1326 0511 40       		.byte	64
 1327 0512 E5       		.byte	-27
 1328 0513 40       		.byte	64
 1329 0514 E6       		.byte	-26
 1330 0515 C0       		.byte	-64
 1331 0516 E8       		.byte	-24
 1332 0517 C0       		.byte	-64
 1333 0518 EA       		.byte	-22
 1334 0519 C0       		.byte	-64
 1335 051a EC       		.byte	-20
 1336 051b C0       		.byte	-64
 1337 051c EE       		.byte	-18
 1338 051d C0       		.byte	-64
 1339 051e 02       		.byte	2
 1340 051f 02       		.byte	2
 1341 0520 0A       		.byte	10
 1342 0521 44       		.byte	68
 1343 0522 10       		.byte	16
 1344 0523 28       		.byte	40
 1345 0524 19       		.byte	25
 1346 0525 06       		.byte	6
 1347 0526 1A       		.byte	26
 1348 0527 04       		.byte	4
 1349 0528 1B       		.byte	27
 1350 0529 50       		.byte	80
 1351 052a 20       		.byte	32
 1352 052b 50       		.byte	80
 1353 052c 22       		.byte	34
 1354 052d 50       		.byte	80
 1355 052e 30       		.byte	48
 1356 052f 28       		.byte	40
 1357 0530 38       		.byte	56
 1358 0531 50       		.byte	80
 1359 0532 42       		.byte	66
 1360 0533 04       		.byte	4
 1361 0534 48       		.byte	72
 1362 0535 20       		.byte	32
 1363 0536 49       		.byte	73
 1364 0537 01       		.byte	1
 1365 0538 4A       		.byte	74
 1366 0539 02       		.byte	2
 1367 053a 4E       		.byte	78
 1368 053b 02       		.byte	2
ARM GAS  C:\Users\teju\AppData\Local\Temp\cczEIO0I.s 			page 25


 1369 053c 4F       		.byte	79
 1370 053d 20       		.byte	32
 1371 053e 50       		.byte	80
 1372 053f 08       		.byte	8
 1373 0540 52       		.byte	82
 1374 0541 02       		.byte	2
 1375 0542 59       		.byte	89
 1376 0543 05       		.byte	5
 1377 0544 5A       		.byte	90
 1378 0545 A0       		.byte	-96
 1379 0546 72       		.byte	114
 1380 0547 40       		.byte	64
 1381 0548 8F       		.byte	-113
 1382 0549 40       		.byte	64
 1383 054a 97       		.byte	-105
 1384 054b 02       		.byte	2
 1385 054c 9D       		.byte	-99
 1386 054d 02       		.byte	2
 1387 054e AF       		.byte	-81
 1388 054f 01       		.byte	1
 1389 0550 C0       		.byte	-64
 1390 0551 01       		.byte	1
 1391 0552 C2       		.byte	-62
 1392 0553 0A       		.byte	10
 1393 0554 C4       		.byte	-60
 1394 0555 06       		.byte	6
 1395 0556 CC       		.byte	-52
 1396 0557 06       		.byte	6
 1397 0558 CE       		.byte	-50
 1398 0559 0C       		.byte	12
 1399 055a D0       		.byte	-48
 1400 055b 04       		.byte	4
 1401 055c D2       		.byte	-46
 1402 055d 38       		.byte	56
 1403 055e D6       		.byte	-42
 1404 055f 0F       		.byte	15
 1405 0560 E6       		.byte	-26
 1406 0561 40       		.byte	64
 1407 0562 40       		.byte	64
 1408 0563 60       		.byte	96
 1409 0564 41       		.byte	65
 1410 0565 02       		.byte	2
 1411 0566 49       		.byte	73
 1412 0567 FF       		.byte	-1
 1413 0568 4A       		.byte	74
 1414 0569 FF       		.byte	-1
 1415 056a 4B       		.byte	75
 1416 056b FF       		.byte	-1
 1417 056c 4D       		.byte	77
 1418 056d A0       		.byte	-96
 1419 056e 4F       		.byte	79
 1420 056f 04       		.byte	4
 1421 0570 50       		.byte	80
 1422 0571 18       		.byte	24
 1423 0572 5A       		.byte	90
 1424 0573 04       		.byte	4
 1425 0574 5D       		.byte	93
ARM GAS  C:\Users\teju\AppData\Local\Temp\cczEIO0I.s 			page 26


 1426 0575 07       		.byte	7
 1427 0576 5F       		.byte	95
 1428 0577 01       		.byte	1
 1429 0578 60       		.byte	96
 1430 0579 40       		.byte	64
 1431 057a 62       		.byte	98
 1432 057b C0       		.byte	-64
 1433 057c 64       		.byte	100
 1434 057d 40       		.byte	64
 1435 057e 65       		.byte	101
 1436 057f 40       		.byte	64
 1437 0580 66       		.byte	102
 1438 0581 C0       		.byte	-64
 1439 0582 68       		.byte	104
 1440 0583 C0       		.byte	-64
 1441 0584 6A       		.byte	106
 1442 0585 C0       		.byte	-64
 1443 0586 6C       		.byte	108
 1444 0587 C0       		.byte	-64
 1445 0588 6E       		.byte	110
 1446 0589 C0       		.byte	-64
 1447 058a 8D       		.byte	-115
 1448 058b 08       		.byte	8
 1449 058c 92       		.byte	-110
 1450 058d 01       		.byte	1
 1451 058e 95       		.byte	-107
 1452 058f 02       		.byte	2
 1453 0590 9A       		.byte	-102
 1454 0591 0E       		.byte	14
 1455 0592 9B       		.byte	-101
 1456 0593 0C       		.byte	12
 1457 0594 9F       		.byte	-97
 1458 0595 03       		.byte	3
 1459 0596 A2       		.byte	-94
 1460 0597 04       		.byte	4
 1461 0598 A6       		.byte	-90
 1462 0599 08       		.byte	8
 1463 059a AA       		.byte	-86
 1464 059b 02       		.byte	2
 1465 059c B0       		.byte	-80
 1466 059d 08       		.byte	8
 1467 059e B1       		.byte	-79
 1468 059f 04       		.byte	4
 1469 05a0 B2       		.byte	-78
 1470 05a1 02       		.byte	2
 1471 05a2 B3       		.byte	-77
 1472 05a3 01       		.byte	1
 1473 05a4 B4       		.byte	-76
 1474 05a5 01       		.byte	1
 1475 05a6 B5       		.byte	-75
 1476 05a7 08       		.byte	8
 1477 05a8 B6       		.byte	-74
 1478 05a9 04       		.byte	4
 1479 05aa B7       		.byte	-73
 1480 05ab 02       		.byte	2
 1481 05ac BE       		.byte	-66
 1482 05ad 04       		.byte	4
ARM GAS  C:\Users\teju\AppData\Local\Temp\cczEIO0I.s 			page 27


 1483 05ae C0       		.byte	-64
 1484 05af 20       		.byte	32
 1485 05b0 C1       		.byte	-63
 1486 05b1 06       		.byte	6
 1487 05b2 C5       		.byte	-59
 1488 05b3 D5       		.byte	-43
 1489 05b4 C6       		.byte	-58
 1490 05b5 01       		.byte	1
 1491 05b6 C7       		.byte	-57
 1492 05b7 02       		.byte	2
 1493 05b8 C8       		.byte	-56
 1494 05b9 17       		.byte	23
 1495 05ba C9       		.byte	-55
 1496 05bb FF       		.byte	-1
 1497 05bc CA       		.byte	-54
 1498 05bd FF       		.byte	-1
 1499 05be CB       		.byte	-53
 1500 05bf FF       		.byte	-1
 1501 05c0 CD       		.byte	-51
 1502 05c1 AF       		.byte	-81
 1503 05c2 CE       		.byte	-50
 1504 05c3 0F       		.byte	15
 1505 05c4 CF       		.byte	-49
 1506 05c5 04       		.byte	4
 1507 05c6 D0       		.byte	-48
 1508 05c7 18       		.byte	24
 1509 05c8 D2       		.byte	-46
 1510 05c9 80       		.byte	-128
 1511 05ca D4       		.byte	-44
 1512 05cb 07       		.byte	7
 1513 05cc D8       		.byte	-40
 1514 05cd 04       		.byte	4
 1515 05ce D9       		.byte	-39
 1516 05cf 04       		.byte	4
 1517 05d0 DA       		.byte	-38
 1518 05d1 04       		.byte	4
 1519 05d2 DB       		.byte	-37
 1520 05d3 04       		.byte	4
 1521 05d4 DC       		.byte	-36
 1522 05d5 77       		.byte	119
 1523 05d6 DD       		.byte	-35
 1524 05d7 77       		.byte	119
 1525 05d8 DF       		.byte	-33
 1526 05d9 01       		.byte	1
 1527 05da E0       		.byte	-32
 1528 05db 40       		.byte	64
 1529 05dc E2       		.byte	-30
 1530 05dd C0       		.byte	-64
 1531 05de E4       		.byte	-28
 1532 05df 40       		.byte	64
 1533 05e0 E5       		.byte	-27
 1534 05e1 40       		.byte	64
 1535 05e2 E6       		.byte	-26
 1536 05e3 C0       		.byte	-64
 1537 05e4 E8       		.byte	-24
 1538 05e5 C0       		.byte	-64
 1539 05e6 EA       		.byte	-22
ARM GAS  C:\Users\teju\AppData\Local\Temp\cczEIO0I.s 			page 28


 1540 05e7 C0       		.byte	-64
 1541 05e8 EC       		.byte	-20
 1542 05e9 C0       		.byte	-64
 1543 05ea EE       		.byte	-18
 1544 05eb C0       		.byte	-64
 1545 05ec 0A       		.byte	10
 1546 05ed 44       		.byte	68
 1547 05ee 10       		.byte	16
 1548 05ef A0       		.byte	-96
 1549 05f0 12       		.byte	18
 1550 05f1 04       		.byte	4
 1551 05f2 19       		.byte	25
 1552 05f3 04       		.byte	4
 1553 05f4 1A       		.byte	26
 1554 05f5 04       		.byte	4
 1555 05f6 1B       		.byte	27
 1556 05f7 92       		.byte	-110
 1557 05f8 20       		.byte	32
 1558 05f9 40       		.byte	64
 1559 05fa 21       		.byte	33
 1560 05fb 08       		.byte	8
 1561 05fc 22       		.byte	34
 1562 05fd 50       		.byte	80
 1563 05fe 30       		.byte	48
 1564 05ff A0       		.byte	-96
 1565 0600 31       		.byte	49
 1566 0601 08       		.byte	8
 1567 0602 38       		.byte	56
 1568 0603 40       		.byte	64
 1569 0604 42       		.byte	66
 1570 0605 04       		.byte	4
 1571 0606 46       		.byte	70
 1572 0607 04       		.byte	4
 1573 0608 48       		.byte	72
 1574 0609 28       		.byte	40
 1575 060a 49       		.byte	73
 1576 060b 01       		.byte	1
 1577 060c 4F       		.byte	79
 1578 060d 20       		.byte	32
 1579 060e 50       		.byte	80
 1580 060f 88       		.byte	-120
 1581 0610 52       		.byte	82
 1582 0611 04       		.byte	4
 1583 0612 59       		.byte	89
 1584 0613 05       		.byte	5
 1585 0614 5A       		.byte	90
 1586 0615 A0       		.byte	-96
 1587 0616 72       		.byte	114
 1588 0617 40       		.byte	64
 1589 0618 97       		.byte	-105
 1590 0619 02       		.byte	2
 1591 061a A8       		.byte	-88
 1592 061b 40       		.byte	64
 1593 061c C2       		.byte	-62
 1594 061d 0A       		.byte	10
 1595 061e C4       		.byte	-60
 1596 061f 0E       		.byte	14
ARM GAS  C:\Users\teju\AppData\Local\Temp\cczEIO0I.s 			page 29


 1597 0620 CC       		.byte	-52
 1598 0621 0E       		.byte	14
 1599 0622 CE       		.byte	-50
 1600 0623 08       		.byte	8
 1601 0624 D0       		.byte	-48
 1602 0625 24       		.byte	36
 1603 0626 D2       		.byte	-46
 1604 0627 24       		.byte	36
 1605 0628 D6       		.byte	-42
 1606 0629 0F       		.byte	15
 1607 062a E8       		.byte	-24
 1608 062b 01       		.byte	1
 1609 062c 40       		.byte	64
 1610 062d 30       		.byte	48
 1611 062e 41       		.byte	65
 1612 062f 02       		.byte	2
 1613 0630 49       		.byte	73
 1614 0631 FF       		.byte	-1
 1615 0632 4A       		.byte	74
 1616 0633 FF       		.byte	-1
 1617 0634 4B       		.byte	75
 1618 0635 FF       		.byte	-1
 1619 0636 4D       		.byte	77
 1620 0637 A0       		.byte	-96
 1621 0638 4F       		.byte	79
 1622 0639 04       		.byte	4
 1623 063a 50       		.byte	80
 1624 063b 18       		.byte	24
 1625 063c 5A       		.byte	90
 1626 063d 04       		.byte	4
 1627 063e 5D       		.byte	93
 1628 063f 04       		.byte	4
 1629 0640 5F       		.byte	95
 1630 0641 01       		.byte	1
 1631 0642 60       		.byte	96
 1632 0643 40       		.byte	64
 1633 0644 62       		.byte	98
 1634 0645 C0       		.byte	-64
 1635 0646 64       		.byte	100
 1636 0647 40       		.byte	64
 1637 0648 65       		.byte	101
 1638 0649 40       		.byte	64
 1639 064a 66       		.byte	102
 1640 064b C0       		.byte	-64
 1641 064c 68       		.byte	104
 1642 064d C0       		.byte	-64
 1643 064e 6A       		.byte	106
 1644 064f C0       		.byte	-64
 1645 0650 6C       		.byte	108
 1646 0651 C0       		.byte	-64
 1647 0652 6E       		.byte	110
 1648 0653 C0       		.byte	-64
 1649 0654 83       		.byte	-125
 1650 0655 0C       		.byte	12
 1651 0656 87       		.byte	-121
 1652 0657 03       		.byte	3
 1653 0658 8A       		.byte	-118
ARM GAS  C:\Users\teju\AppData\Local\Temp\cczEIO0I.s 			page 30


 1654 0659 0E       		.byte	14
 1655 065a 91       		.byte	-111
 1656 065b 02       		.byte	2
 1657 065c 96       		.byte	-106
 1658 065d 02       		.byte	2
 1659 065e 99       		.byte	-103
 1660 065f 08       		.byte	8
 1661 0660 9E       		.byte	-98
 1662 0661 08       		.byte	8
 1663 0662 AA       		.byte	-86
 1664 0663 04       		.byte	4
 1665 0664 AE       		.byte	-82
 1666 0665 01       		.byte	1
 1667 0666 B0       		.byte	-80
 1668 0667 04       		.byte	4
 1669 0668 B1       		.byte	-79
 1670 0669 02       		.byte	2
 1671 066a B2       		.byte	-78
 1672 066b 01       		.byte	1
 1673 066c B3       		.byte	-77
 1674 066d 08       		.byte	8
 1675 066e B4       		.byte	-76
 1676 066f 02       		.byte	2
 1677 0670 B5       		.byte	-75
 1678 0671 04       		.byte	4
 1679 0672 B6       		.byte	-74
 1680 0673 08       		.byte	8
 1681 0674 B7       		.byte	-73
 1682 0675 01       		.byte	1
 1683 0676 BE       		.byte	-66
 1684 0677 10       		.byte	16
 1685 0678 C0       		.byte	-64
 1686 0679 30       		.byte	48
 1687 067a C1       		.byte	-63
 1688 067b 02       		.byte	2
 1689 067c C5       		.byte	-59
 1690 067d D0       		.byte	-48
 1691 067e C6       		.byte	-58
 1692 067f 20       		.byte	32
 1693 0680 C7       		.byte	-57
 1694 0681 51       		.byte	81
 1695 0682 C8       		.byte	-56
 1696 0683 3A       		.byte	58
 1697 0684 C9       		.byte	-55
 1698 0685 FF       		.byte	-1
 1699 0686 CA       		.byte	-54
 1700 0687 FF       		.byte	-1
 1701 0688 CB       		.byte	-53
 1702 0689 FF       		.byte	-1
 1703 068a CD       		.byte	-51
 1704 068b AF       		.byte	-81
 1705 068c CE       		.byte	-50
 1706 068d 0F       		.byte	15
 1707 068e CF       		.byte	-49
 1708 068f 04       		.byte	4
 1709 0690 D0       		.byte	-48
 1710 0691 18       		.byte	24
ARM GAS  C:\Users\teju\AppData\Local\Temp\cczEIO0I.s 			page 31


 1711 0692 D2       		.byte	-46
 1712 0693 80       		.byte	-128
 1713 0694 D4       		.byte	-44
 1714 0695 07       		.byte	7
 1715 0696 D8       		.byte	-40
 1716 0697 04       		.byte	4
 1717 0698 D9       		.byte	-39
 1718 0699 04       		.byte	4
 1719 069a DA       		.byte	-38
 1720 069b 04       		.byte	4
 1721 069c DB       		.byte	-37
 1722 069d 04       		.byte	4
 1723 069e DC       		.byte	-36
 1724 069f 44       		.byte	68
 1725 06a0 DD       		.byte	-35
 1726 06a1 44       		.byte	68
 1727 06a2 DF       		.byte	-33
 1728 06a3 01       		.byte	1
 1729 06a4 E0       		.byte	-32
 1730 06a5 40       		.byte	64
 1731 06a6 E2       		.byte	-30
 1732 06a7 C0       		.byte	-64
 1733 06a8 E4       		.byte	-28
 1734 06a9 40       		.byte	64
 1735 06aa E5       		.byte	-27
 1736 06ab 40       		.byte	64
 1737 06ac E6       		.byte	-26
 1738 06ad C0       		.byte	-64
 1739 06ae E8       		.byte	-24
 1740 06af C0       		.byte	-64
 1741 06b0 EA       		.byte	-22
 1742 06b1 C0       		.byte	-64
 1743 06b2 EC       		.byte	-20
 1744 06b3 C0       		.byte	-64
 1745 06b4 EE       		.byte	-18
 1746 06b5 C0       		.byte	-64
 1747 06b6 04       		.byte	4
 1748 06b7 10       		.byte	16
 1749 06b8 0F       		.byte	15
 1750 06b9 22       		.byte	34
 1751 06ba 16       		.byte	22
 1752 06bb 08       		.byte	8
 1753 06bc 17       		.byte	23
 1754 06bd 40       		.byte	64
 1755 06be 1C       		.byte	28
 1756 06bf 10       		.byte	16
 1757 06c0 1D       		.byte	29
 1758 06c1 08       		.byte	8
 1759 06c2 1E       		.byte	30
 1760 06c3 08       		.byte	8
 1761 06c4 1F       		.byte	31
 1762 06c5 81       		.byte	-127
 1763 06c6 24       		.byte	36
 1764 06c7 40       		.byte	64
 1765 06c8 26       		.byte	38
 1766 06c9 20       		.byte	32
 1767 06ca 27       		.byte	39
ARM GAS  C:\Users\teju\AppData\Local\Temp\cczEIO0I.s 			page 32


 1768 06cb 22       		.byte	34
 1769 06cc 36       		.byte	54
 1770 06cd 20       		.byte	32
 1771 06ce 37       		.byte	55
 1772 06cf 02       		.byte	2
 1773 06d0 3E       		.byte	62
 1774 06d1 08       		.byte	8
 1775 06d2 3F       		.byte	63
 1776 06d3 02       		.byte	2
 1777 06d4 40       		.byte	64
 1778 06d5 10       		.byte	16
 1779 06d6 41       		.byte	65
 1780 06d7 20       		.byte	32
 1781 06d8 45       		.byte	69
 1782 06d9 28       		.byte	40
 1783 06da 4F       		.byte	79
 1784 06db 01       		.byte	1
 1785 06dc 55       		.byte	85
 1786 06dd 20       		.byte	32
 1787 06de 56       		.byte	86
 1788 06df 08       		.byte	8
 1789 06e0 57       		.byte	87
 1790 06e1 11       		.byte	17
 1791 06e2 5C       		.byte	92
 1792 06e3 40       		.byte	64
 1793 06e4 5E       		.byte	94
 1794 06e5 08       		.byte	8
 1795 06e6 5F       		.byte	95
 1796 06e7 21       		.byte	33
 1797 06e8 77       		.byte	119
 1798 06e9 40       		.byte	64
 1799 06ea 8F       		.byte	-113
 1800 06eb 80       		.byte	-128
 1801 06ec 97       		.byte	-105
 1802 06ed 02       		.byte	2
 1803 06ee AB       		.byte	-85
 1804 06ef 02       		.byte	2
 1805 06f0 B7       		.byte	-73
 1806 06f1 80       		.byte	-128
 1807 06f2 C0       		.byte	-64
 1808 06f3 40       		.byte	64
 1809 06f4 C2       		.byte	-62
 1810 06f5 A0       		.byte	-96
 1811 06f6 C4       		.byte	-60
 1812 06f7 C0       		.byte	-64
 1813 06f8 CC       		.byte	-52
 1814 06f9 A0       		.byte	-96
 1815 06fa CE       		.byte	-50
 1816 06fb C0       		.byte	-64
 1817 06fc D0       		.byte	-48
 1818 06fd 66       		.byte	102
 1819 06fe D6       		.byte	-42
 1820 06ff F0       		.byte	-16
 1821 0700 E8       		.byte	-24
 1822 0701 04       		.byte	4
 1823 0702 51       		.byte	81
 1824 0703 01       		.byte	1
ARM GAS  C:\Users\teju\AppData\Local\Temp\cczEIO0I.s 			page 33


 1825 0704 52       		.byte	82
 1826 0705 08       		.byte	8
 1827 0706 57       		.byte	87
 1828 0707 80       		.byte	-128
 1829 0708 5F       		.byte	95
 1830 0709 80       		.byte	-128
 1831 070a 61       		.byte	97
 1832 070b 20       		.byte	32
 1833 070c 62       		.byte	98
 1834 070d 40       		.byte	64
 1835 070e 65       		.byte	101
 1836 070f 48       		.byte	72
 1837 0710 D4       		.byte	-44
 1838 0711 E0       		.byte	-32
 1839 0712 D6       		.byte	-42
 1840 0713 E0       		.byte	-32
 1841 0714 D8       		.byte	-40
 1842 0715 C0       		.byte	-64
 1843 0716 85       		.byte	-123
 1844 0717 01       		.byte	1
 1845 0718 95       		.byte	-107
 1846 0719 02       		.byte	2
 1847 071a 9D       		.byte	-99
 1848 071b 48       		.byte	72
 1849 071c 9E       		.byte	-98
 1850 071d 40       		.byte	64
 1851 071e 9F       		.byte	-97
 1852 071f 80       		.byte	-128
 1853 0720 A5       		.byte	-91
 1854 0721 20       		.byte	32
 1855 0722 A6       		.byte	-90
 1856 0723 08       		.byte	8
 1857 0724 A7       		.byte	-89
 1858 0725 80       		.byte	-128
 1859 0726 E6       		.byte	-26
 1860 0727 40       		.byte	64
 1861 0728 82       		.byte	-126
 1862 0729 08       		.byte	8
 1863 072a 89       		.byte	-119
 1864 072b 40       		.byte	64
 1865 072c 9D       		.byte	-99
 1866 072d 40       		.byte	64
 1867 072e 9E       		.byte	-98
 1868 072f 40       		.byte	64
 1869 0730 A5       		.byte	-91
 1870 0731 20       		.byte	32
 1871 0732 A6       		.byte	-90
 1872 0733 08       		.byte	8
 1873 0734 A7       		.byte	-89
 1874 0735 80       		.byte	-128
 1875 0736 AB       		.byte	-85
 1876 0737 80       		.byte	-128
 1877 0738 B5       		.byte	-75
 1878 0739 08       		.byte	8
 1879 073a E2       		.byte	-30
 1880 073b 20       		.byte	32
 1881 073c EA       		.byte	-22
ARM GAS  C:\Users\teju\AppData\Local\Temp\cczEIO0I.s 			page 34


 1882 073d 80       		.byte	-128
 1883 073e 57       		.byte	87
 1884 073f 20       		.byte	32
 1885 0740 59       		.byte	89
 1886 0741 80       		.byte	-128
 1887 0742 5D       		.byte	93
 1888 0743 40       		.byte	64
 1889 0744 D4       		.byte	-44
 1890 0745 03       		.byte	3
 1891 0746 D6       		.byte	-42
 1892 0747 04       		.byte	4
 1893 0748 87       		.byte	-121
 1894 0749 20       		.byte	32
 1895 074a 8D       		.byte	-115
 1896 074b C0       		.byte	-64
 1897 074c 95       		.byte	-107
 1898 074d 40       		.byte	64
 1899 074e 9D       		.byte	-99
 1900 074f 80       		.byte	-128
 1901 0750 A7       		.byte	-89
 1902 0751 20       		.byte	32
 1903 0752 E0       		.byte	-32
 1904 0753 02       		.byte	2
 1905 0754 E4       		.byte	-28
 1906 0755 02       		.byte	2
 1907 0756 8D       		.byte	-115
 1908 0757 10       		.byte	16
 1909 0758 E0       		.byte	-32
 1910 0759 02       		.byte	2
 1911 075a 8D       		.byte	-115
 1912 075b 20       		.byte	32
 1913 075c 9E       		.byte	-98
 1914 075d 40       		.byte	64
 1915 075e A5       		.byte	-91
 1916 075f 20       		.byte	32
 1917 0760 AF       		.byte	-81
 1918 0761 80       		.byte	-128
 1919 0762 EE       		.byte	-18
 1920 0763 10       		.byte	16
 1921 0764 AE       		.byte	-82
 1922 0765 40       		.byte	64
 1923 0766 EA       		.byte	-22
 1924 0767 10       		.byte	16
 1925 0768 53       		.byte	83
 1926 0769 01       		.byte	1
 1927 076a 5B       		.byte	91
 1928 076b 08       		.byte	8
 1929 076c 5C       		.byte	92
 1930 076d 01       		.byte	1
 1931 076e 61       		.byte	97
 1932 076f 10       		.byte	16
 1933 0770 64       		.byte	100
 1934 0771 08       		.byte	8
 1935 0772 90       		.byte	-112
 1936 0773 01       		.byte	1
 1937 0774 99       		.byte	-103
 1938 0775 10       		.byte	16
ARM GAS  C:\Users\teju\AppData\Local\Temp\cczEIO0I.s 			page 35


 1939 0776 A8       		.byte	-88
 1940 0777 01       		.byte	1
 1941 0778 D4       		.byte	-44
 1942 0779 01       		.byte	1
 1943 077a D6       		.byte	-42
 1944 077b 03       		.byte	3
 1945 077c D8       		.byte	-40
 1946 077d 03       		.byte	3
 1947 077e 8C       		.byte	-116
 1948 077f 08       		.byte	8
 1949 0780 9C       		.byte	-100
 1950 0781 08       		.byte	8
 1951 0782 AB       		.byte	-85
 1952 0783 08       		.byte	8
 1953 0784 B7       		.byte	-73
 1954 0785 01       		.byte	1
 1955 0786 E0       		.byte	-32
 1956 0787 02       		.byte	2
 1957 0788 E8       		.byte	-24
 1958 0789 02       		.byte	2
 1959 078a 00       		.byte	0
 1960 078b 2B       		.byte	43
 1961 078c 0A       		.byte	10
 1962 078d 21       		.byte	33
 1963 078e 0C       		.byte	12
 1964 078f 0A       		.byte	10
 1965 0790 10       		.byte	16
 1966 0791 D4       		.byte	-44
 1967 0792 1A       		.byte	26
 1968 0793 44       		.byte	68
 1969 0794 1C       		.byte	28
 1970 0795 90       		.byte	-112
 1971 0796 00       		.byte	0
 1972 0797 00       		.byte	0
 1973 0798 00       		.byte	0
 1974 0799 FF       		.byte	-1
 1975 079a FF       		.byte	-1
 1976 079b 00       		.byte	0
 1977 079c FF       		.byte	-1
 1978 079d 00       		.byte	0
 1979 079e 00       		.byte	0
 1980 079f 00       		.byte	0
 1981 07a0 00       		.byte	0
 1982 07a1 FF       		.byte	-1
 1983 07a2 FF       		.byte	-1
 1984 07a3 00       		.byte	0
 1985 07a4 F4       		.byte	-12
 1986 07a5 00       		.byte	0
 1987 07a6 00       		.byte	0
 1988 07a7 00       		.byte	0
 1989 07a8 00       		.byte	0
 1990 07a9 07       		.byte	7
 1991 07aa 07       		.byte	7
 1992 07ab 00       		.byte	0
 1993 07ac 07       		.byte	7
 1994 07ad 00       		.byte	0
 1995 07ae 00       		.byte	0
ARM GAS  C:\Users\teju\AppData\Local\Temp\cczEIO0I.s 			page 36


 1996 07af 00       		.byte	0
 1997              		.section	.cywolatch,"a",%progbits
 1998              		.align	2
 1999              		.type	cy_meta_wonvl, %object
 2000              		.size	cy_meta_wonvl, 4
 2001              	cy_meta_wonvl:
 2002 0000 BC       		.byte	-68
 2003 0001 90       		.byte	-112
 2004 0002 AC       		.byte	-84
 2005 0003 AF       		.byte	-81
 2006              		.section	.cycustnvl,"a",%progbits
 2007              		.align	2
 2008              		.type	cy_meta_custnvl, %object
 2009              		.size	cy_meta_custnvl, 4
 2010              	cy_meta_custnvl:
 2011 0000 00       		.byte	0
 2012 0001 00       		.byte	0
 2013 0002 40       		.byte	64
 2014 0003 05       		.byte	5
 2015              		.section	.cymeta,"a",%progbits
 2016              		.align	2
 2017              		.type	cy_metadata, %object
 2018              		.size	cy_metadata, 12
 2019              	cy_metadata:
 2020 0000 00       		.byte	0
 2021 0001 01       		.byte	1
 2022 0002 2E       		.byte	46
 2023 0003 16       		.byte	22
 2024 0004 10       		.byte	16
 2025 0005 69       		.byte	105
 2026 0006 00       		.byte	0
 2027 0007 01       		.byte	1
 2028 0008 00       		.byte	0
 2029 0009 00       		.byte	0
 2030 000a 00       		.byte	0
 2031 000b 00       		.byte	0
 2032              		.section	.cyflashprotect,"a",%progbits
 2033              		.align	2
 2034              		.type	cy_meta_flashprotect, %object
 2035              		.size	cy_meta_flashprotect, 256
 2036              	cy_meta_flashprotect:
 2037 0000 00000000 		.space	256
 2037      00000000 
 2037      00000000 
 2037      00000000 
 2037      00000000 
 2038              		.text
 2039              	.Letext0:
 2040              		.file 1 "c:\\program files (x86)\\cypress\\psoc creator\\4.1\\psoc creator\\import\\gnu\\arm\\5.4.
 2041              		.file 2 "c:\\program files (x86)\\cypress\\psoc creator\\4.1\\psoc creator\\import\\gnu\\arm\\5.4.
 2042              		.file 3 "Generated_Source\\PSoC5\\cymetadata.c"
 2043              		.section	.debug_info,"",%progbits
 2044              	.Ldebug_info0:
 2045 0000 35010000 		.4byte	0x135
 2046 0004 0400     		.2byte	0x4
 2047 0006 00000000 		.4byte	.Ldebug_abbrev0
 2048 000a 04       		.byte	0x4
ARM GAS  C:\Users\teju\AppData\Local\Temp\cczEIO0I.s 			page 37


 2049 000b 01       		.uleb128 0x1
 2050 000c 5C000000 		.4byte	.LASF17
 2051 0010 0C       		.byte	0xc
 2052 0011 B6010000 		.4byte	.LASF18
 2053 0015 16000000 		.4byte	.LASF19
 2054 0019 00000000 		.4byte	.Ldebug_line0
 2055 001d 02       		.uleb128 0x2
 2056 001e 01       		.byte	0x1
 2057 001f 06       		.byte	0x6
 2058 0020 AA010000 		.4byte	.LASF0
 2059 0024 03       		.uleb128 0x3
 2060 0025 00000000 		.4byte	.LASF9
 2061 0029 01       		.byte	0x1
 2062 002a 1D       		.byte	0x1d
 2063 002b 2F000000 		.4byte	0x2f
 2064 002f 02       		.uleb128 0x2
 2065 0030 01       		.byte	0x1
 2066 0031 08       		.byte	0x8
 2067 0032 4E000000 		.4byte	.LASF1
 2068 0036 02       		.uleb128 0x2
 2069 0037 02       		.byte	0x2
 2070 0038 05       		.byte	0x5
 2071 0039 97010000 		.4byte	.LASF2
 2072 003d 02       		.uleb128 0x2
 2073 003e 02       		.byte	0x2
 2074 003f 07       		.byte	0x7
 2075 0040 FC000000 		.4byte	.LASF3
 2076 0044 02       		.uleb128 0x2
 2077 0045 04       		.byte	0x4
 2078 0046 05       		.byte	0x5
 2079 0047 A1010000 		.4byte	.LASF4
 2080 004b 02       		.uleb128 0x2
 2081 004c 04       		.byte	0x4
 2082 004d 07       		.byte	0x7
 2083 004e EA000000 		.4byte	.LASF5
 2084 0052 02       		.uleb128 0x2
 2085 0053 08       		.byte	0x8
 2086 0054 05       		.byte	0x5
 2087 0055 89010000 		.4byte	.LASF6
 2088 0059 02       		.uleb128 0x2
 2089 005a 08       		.byte	0x8
 2090 005b 07       		.byte	0x7
 2091 005c 3E010000 		.4byte	.LASF7
 2092 0060 04       		.uleb128 0x4
 2093 0061 04       		.byte	0x4
 2094 0062 05       		.byte	0x5
 2095 0063 696E7400 		.ascii	"int\000"
 2096 0067 02       		.uleb128 0x2
 2097 0068 04       		.byte	0x4
 2098 0069 07       		.byte	0x7
 2099 006a 31010000 		.4byte	.LASF8
 2100 006e 03       		.uleb128 0x3
 2101 006f 55010000 		.4byte	.LASF10
 2102 0073 02       		.byte	0x2
 2103 0074 18       		.byte	0x18
 2104 0075 24000000 		.4byte	0x24
 2105 0079 05       		.uleb128 0x5
ARM GAS  C:\Users\teju\AppData\Local\Temp\cczEIO0I.s 			page 38


 2106 007a 91000000 		.4byte	0x91
 2107 007e 8A000000 		.4byte	0x8a
 2108 0082 06       		.uleb128 0x6
 2109 0083 8A000000 		.4byte	0x8a
 2110 0087 AF07     		.2byte	0x7af
 2111 0089 00       		.byte	0
 2112 008a 02       		.uleb128 0x2
 2113 008b 04       		.byte	0x4
 2114 008c 07       		.byte	0x7
 2115 008d 80010000 		.4byte	.LASF11
 2116 0091 07       		.uleb128 0x7
 2117 0092 6E000000 		.4byte	0x6e
 2118 0096 08       		.uleb128 0x8
 2119 0097 1F010000 		.4byte	.LASF12
 2120 009b 03       		.byte	0x3
 2121 009c 1F       		.byte	0x1f
 2122 009d A7000000 		.4byte	0xa7
 2123 00a1 05       		.uleb128 0x5
 2124 00a2 03       		.byte	0x3
 2125 00a3 00000000 		.4byte	cy_meta_configecc
 2126 00a7 07       		.uleb128 0x7
 2127 00a8 79000000 		.4byte	0x79
 2128 00ac 05       		.uleb128 0x5
 2129 00ad 91000000 		.4byte	0x91
 2130 00b1 BC000000 		.4byte	0xbc
 2131 00b5 09       		.uleb128 0x9
 2132 00b6 8A000000 		.4byte	0x8a
 2133 00ba 03       		.byte	0x3
 2134 00bb 00       		.byte	0
 2135 00bc 0A       		.uleb128 0xa
 2136 00bd 0F010000 		.4byte	.LASF13
 2137 00c1 03       		.byte	0x3
 2138 00c2 2201     		.2byte	0x122
 2139 00c4 CE000000 		.4byte	0xce
 2140 00c8 05       		.uleb128 0x5
 2141 00c9 03       		.byte	0x3
 2142 00ca 00000000 		.4byte	cy_meta_custnvl
 2143 00ce 07       		.uleb128 0x7
 2144 00cf AC000000 		.4byte	0xac
 2145 00d3 0A       		.uleb128 0xa
 2146 00d4 72010000 		.4byte	.LASF14
 2147 00d8 03       		.byte	0x3
 2148 00d9 3001     		.2byte	0x130
 2149 00db E5000000 		.4byte	0xe5
 2150 00df 05       		.uleb128 0x5
 2151 00e0 03       		.byte	0x3
 2152 00e1 00000000 		.4byte	cy_meta_wonvl
 2153 00e5 07       		.uleb128 0x7
 2154 00e6 AC000000 		.4byte	0xac
 2155 00ea 05       		.uleb128 0x5
 2156 00eb 91000000 		.4byte	0x91
 2157 00ef FA000000 		.4byte	0xfa
 2158 00f3 09       		.uleb128 0x9
 2159 00f4 8A000000 		.4byte	0x8a
 2160 00f8 FF       		.byte	0xff
 2161 00f9 00       		.byte	0
 2162 00fa 0A       		.uleb128 0xa
ARM GAS  C:\Users\teju\AppData\Local\Temp\cczEIO0I.s 			page 39


 2163 00fb 5D010000 		.4byte	.LASF15
 2164 00ff 03       		.byte	0x3
 2165 0100 3E01     		.2byte	0x13e
 2166 0102 0C010000 		.4byte	0x10c
 2167 0106 05       		.uleb128 0x5
 2168 0107 03       		.byte	0x3
 2169 0108 00000000 		.4byte	cy_meta_flashprotect
 2170 010c 07       		.uleb128 0x7
 2171 010d EA000000 		.4byte	0xea
 2172 0111 05       		.uleb128 0x5
 2173 0112 91000000 		.4byte	0x91
 2174 0116 21010000 		.4byte	0x121
 2175 011a 09       		.uleb128 0x9
 2176 011b 8A000000 		.4byte	0x8a
 2177 011f 0B       		.byte	0xb
 2178 0120 00       		.byte	0
 2179 0121 0A       		.uleb128 0xa
 2180 0122 0A000000 		.4byte	.LASF16
 2181 0126 03       		.byte	0x3
 2182 0127 6B01     		.2byte	0x16b
 2183 0129 33010000 		.4byte	0x133
 2184 012d 05       		.uleb128 0x5
 2185 012e 03       		.byte	0x3
 2186 012f 00000000 		.4byte	cy_metadata
 2187 0133 07       		.uleb128 0x7
 2188 0134 11010000 		.4byte	0x111
 2189 0138 00       		.byte	0
 2190              		.section	.debug_abbrev,"",%progbits
 2191              	.Ldebug_abbrev0:
 2192 0000 01       		.uleb128 0x1
 2193 0001 11       		.uleb128 0x11
 2194 0002 01       		.byte	0x1
 2195 0003 25       		.uleb128 0x25
 2196 0004 0E       		.uleb128 0xe
 2197 0005 13       		.uleb128 0x13
 2198 0006 0B       		.uleb128 0xb
 2199 0007 03       		.uleb128 0x3
 2200 0008 0E       		.uleb128 0xe
 2201 0009 1B       		.uleb128 0x1b
 2202 000a 0E       		.uleb128 0xe
 2203 000b 10       		.uleb128 0x10
 2204 000c 17       		.uleb128 0x17
 2205 000d 00       		.byte	0
 2206 000e 00       		.byte	0
 2207 000f 02       		.uleb128 0x2
 2208 0010 24       		.uleb128 0x24
 2209 0011 00       		.byte	0
 2210 0012 0B       		.uleb128 0xb
 2211 0013 0B       		.uleb128 0xb
 2212 0014 3E       		.uleb128 0x3e
 2213 0015 0B       		.uleb128 0xb
 2214 0016 03       		.uleb128 0x3
 2215 0017 0E       		.uleb128 0xe
 2216 0018 00       		.byte	0
 2217 0019 00       		.byte	0
 2218 001a 03       		.uleb128 0x3
 2219 001b 16       		.uleb128 0x16
ARM GAS  C:\Users\teju\AppData\Local\Temp\cczEIO0I.s 			page 40


 2220 001c 00       		.byte	0
 2221 001d 03       		.uleb128 0x3
 2222 001e 0E       		.uleb128 0xe
 2223 001f 3A       		.uleb128 0x3a
 2224 0020 0B       		.uleb128 0xb
 2225 0021 3B       		.uleb128 0x3b
 2226 0022 0B       		.uleb128 0xb
 2227 0023 49       		.uleb128 0x49
 2228 0024 13       		.uleb128 0x13
 2229 0025 00       		.byte	0
 2230 0026 00       		.byte	0
 2231 0027 04       		.uleb128 0x4
 2232 0028 24       		.uleb128 0x24
 2233 0029 00       		.byte	0
 2234 002a 0B       		.uleb128 0xb
 2235 002b 0B       		.uleb128 0xb
 2236 002c 3E       		.uleb128 0x3e
 2237 002d 0B       		.uleb128 0xb
 2238 002e 03       		.uleb128 0x3
 2239 002f 08       		.uleb128 0x8
 2240 0030 00       		.byte	0
 2241 0031 00       		.byte	0
 2242 0032 05       		.uleb128 0x5
 2243 0033 01       		.uleb128 0x1
 2244 0034 01       		.byte	0x1
 2245 0035 49       		.uleb128 0x49
 2246 0036 13       		.uleb128 0x13
 2247 0037 01       		.uleb128 0x1
 2248 0038 13       		.uleb128 0x13
 2249 0039 00       		.byte	0
 2250 003a 00       		.byte	0
 2251 003b 06       		.uleb128 0x6
 2252 003c 21       		.uleb128 0x21
 2253 003d 00       		.byte	0
 2254 003e 49       		.uleb128 0x49
 2255 003f 13       		.uleb128 0x13
 2256 0040 2F       		.uleb128 0x2f
 2257 0041 05       		.uleb128 0x5
 2258 0042 00       		.byte	0
 2259 0043 00       		.byte	0
 2260 0044 07       		.uleb128 0x7
 2261 0045 26       		.uleb128 0x26
 2262 0046 00       		.byte	0
 2263 0047 49       		.uleb128 0x49
 2264 0048 13       		.uleb128 0x13
 2265 0049 00       		.byte	0
 2266 004a 00       		.byte	0
 2267 004b 08       		.uleb128 0x8
 2268 004c 34       		.uleb128 0x34
 2269 004d 00       		.byte	0
 2270 004e 03       		.uleb128 0x3
 2271 004f 0E       		.uleb128 0xe
 2272 0050 3A       		.uleb128 0x3a
 2273 0051 0B       		.uleb128 0xb
 2274 0052 3B       		.uleb128 0x3b
 2275 0053 0B       		.uleb128 0xb
 2276 0054 49       		.uleb128 0x49
ARM GAS  C:\Users\teju\AppData\Local\Temp\cczEIO0I.s 			page 41


 2277 0055 13       		.uleb128 0x13
 2278 0056 3F       		.uleb128 0x3f
 2279 0057 19       		.uleb128 0x19
 2280 0058 02       		.uleb128 0x2
 2281 0059 18       		.uleb128 0x18
 2282 005a 00       		.byte	0
 2283 005b 00       		.byte	0
 2284 005c 09       		.uleb128 0x9
 2285 005d 21       		.uleb128 0x21
 2286 005e 00       		.byte	0
 2287 005f 49       		.uleb128 0x49
 2288 0060 13       		.uleb128 0x13
 2289 0061 2F       		.uleb128 0x2f
 2290 0062 0B       		.uleb128 0xb
 2291 0063 00       		.byte	0
 2292 0064 00       		.byte	0
 2293 0065 0A       		.uleb128 0xa
 2294 0066 34       		.uleb128 0x34
 2295 0067 00       		.byte	0
 2296 0068 03       		.uleb128 0x3
 2297 0069 0E       		.uleb128 0xe
 2298 006a 3A       		.uleb128 0x3a
 2299 006b 0B       		.uleb128 0xb
 2300 006c 3B       		.uleb128 0x3b
 2301 006d 05       		.uleb128 0x5
 2302 006e 49       		.uleb128 0x49
 2303 006f 13       		.uleb128 0x13
 2304 0070 3F       		.uleb128 0x3f
 2305 0071 19       		.uleb128 0x19
 2306 0072 02       		.uleb128 0x2
 2307 0073 18       		.uleb128 0x18
 2308 0074 00       		.byte	0
 2309 0075 00       		.byte	0
 2310 0076 00       		.byte	0
 2311              		.section	.debug_aranges,"",%progbits
 2312 0000 14000000 		.4byte	0x14
 2313 0004 0200     		.2byte	0x2
 2314 0006 00000000 		.4byte	.Ldebug_info0
 2315 000a 04       		.byte	0x4
 2316 000b 00       		.byte	0
 2317 000c 0000     		.2byte	0
 2318 000e 0000     		.2byte	0
 2319 0010 00000000 		.4byte	0
 2320 0014 00000000 		.4byte	0
 2321              		.section	.debug_line,"",%progbits
 2322              	.Ldebug_line0:
 2323 0000 3D010000 		.section	.debug_str,"MS",%progbits,1
 2323      02003701 
 2323      00000201 
 2323      FB0E0D00 
 2323      01010101 
 2324              	.LASF9:
 2325 0000 5F5F7569 		.ascii	"__uint8_t\000"
 2325      6E74385F 
 2325      7400
 2326              	.LASF16:
 2327 000a 63795F6D 		.ascii	"cy_metadata\000"
ARM GAS  C:\Users\teju\AppData\Local\Temp\cczEIO0I.s 			page 42


 2327      65746164 
 2327      61746100 
 2328              	.LASF19:
 2329 0016 433A5C55 		.ascii	"C:\\Users\\teju\\Desktop\\CSE564\\Workspace03\\Desi"
 2329      73657273 
 2329      5C74656A 
 2329      755C4465 
 2329      736B746F 
 2330 0043 676E3031 		.ascii	"gn01.cydsn\000"
 2330      2E637964 
 2330      736E00
 2331              	.LASF1:
 2332 004e 756E7369 		.ascii	"unsigned char\000"
 2332      676E6564 
 2332      20636861 
 2332      7200
 2333              	.LASF17:
 2334 005c 474E5520 		.ascii	"GNU C11 5.4.1 20160609 (release) [ARM/embedded-5-br"
 2334      43313120 
 2334      352E342E 
 2334      31203230 
 2334      31363036 
 2335 008f 616E6368 		.ascii	"anch revision 237715] -mcpu=cortex-m3 -mthumb -g -O"
 2335      20726576 
 2335      6973696F 
 2335      6E203233 
 2335      37373135 
 2336 00c2 67202D66 		.ascii	"g -ffunction-sections -ffat-lto-objects\000"
 2336      66756E63 
 2336      74696F6E 
 2336      2D736563 
 2336      74696F6E 
 2337              	.LASF5:
 2338 00ea 6C6F6E67 		.ascii	"long unsigned int\000"
 2338      20756E73 
 2338      69676E65 
 2338      6420696E 
 2338      7400
 2339              	.LASF3:
 2340 00fc 73686F72 		.ascii	"short unsigned int\000"
 2340      7420756E 
 2340      7369676E 
 2340      65642069 
 2340      6E7400
 2341              	.LASF13:
 2342 010f 63795F6D 		.ascii	"cy_meta_custnvl\000"
 2342      6574615F 
 2342      63757374 
 2342      6E766C00 
 2343              	.LASF12:
 2344 011f 63795F6D 		.ascii	"cy_meta_configecc\000"
 2344      6574615F 
 2344      636F6E66 
 2344      69676563 
 2344      6300
 2345              	.LASF8:
 2346 0131 756E7369 		.ascii	"unsigned int\000"
ARM GAS  C:\Users\teju\AppData\Local\Temp\cczEIO0I.s 			page 43


 2346      676E6564 
 2346      20696E74 
 2346      00
 2347              	.LASF7:
 2348 013e 6C6F6E67 		.ascii	"long long unsigned int\000"
 2348      206C6F6E 
 2348      6720756E 
 2348      7369676E 
 2348      65642069 
 2349              	.LASF10:
 2350 0155 75696E74 		.ascii	"uint8_t\000"
 2350      385F7400 
 2351              	.LASF15:
 2352 015d 63795F6D 		.ascii	"cy_meta_flashprotect\000"
 2352      6574615F 
 2352      666C6173 
 2352      6870726F 
 2352      74656374 
 2353              	.LASF14:
 2354 0172 63795F6D 		.ascii	"cy_meta_wonvl\000"
 2354      6574615F 
 2354      776F6E76 
 2354      6C00
 2355              	.LASF11:
 2356 0180 73697A65 		.ascii	"sizetype\000"
 2356      74797065 
 2356      00
 2357              	.LASF6:
 2358 0189 6C6F6E67 		.ascii	"long long int\000"
 2358      206C6F6E 
 2358      6720696E 
 2358      7400
 2359              	.LASF2:
 2360 0197 73686F72 		.ascii	"short int\000"
 2360      7420696E 
 2360      7400
 2361              	.LASF4:
 2362 01a1 6C6F6E67 		.ascii	"long int\000"
 2362      20696E74 
 2362      00
 2363              	.LASF0:
 2364 01aa 7369676E 		.ascii	"signed char\000"
 2364      65642063 
 2364      68617200 
 2365              	.LASF18:
 2366 01b6 47656E65 		.ascii	"Generated_Source\\PSoC5\\cymetadata.c\000"
 2366      72617465 
 2366      645F536F 
 2366      75726365 
 2366      5C50536F 
 2367              		.ident	"GCC: (GNU Tools for ARM Embedded Processors) 5.4.1 20160609 (release) [ARM/embedded-5-bran
